The system is: Windows - 10.0.18362 - AMD64
Compiling the C compiler identification source file "CMakeCCompilerId.c" succeeded.
Compiler: E:/Apps/mingw-w64/mingw64/bin/gcc.exe 
Build flags: 
Id flags:  

The output was:
0


Compilation of the C compiler identification source "CMakeCCompilerId.c" produced "a.exe"

The C compiler identification is GNU, found in "E:/cpp/Lib/MySQL/CMakeFiles/3.16.6/CompilerIdC/a.exe"

Compiling the CXX compiler identification source file "CMakeCXXCompilerId.cpp" succeeded.
Compiler: E:/Apps/mingw-w64/mingw64/bin/g++.exe 
Build flags: 
Id flags:  

The output was:
0


Compilation of the CXX compiler identification source "CMakeCXXCompilerId.cpp" produced "a.exe"

The CXX compiler identification is GNU, found in "E:/cpp/Lib/MySQL/CMakeFiles/3.16.6/CompilerIdCXX/a.exe"

Determining if the C compiler works passed with the following output:
Change Dir: E:/cpp/Lib/MySQL/CMakeFiles/CMakeTmp

Run Build Command(s):E:/Apps/mingw-w64/mingw64/bin/mingw32-make.exe cmTC_bc204/fast && E:/Apps/mingw-w64/mingw64/bin/mingw32-make.exe  -f CMakeFiles\cmTC_bc204.dir\build.make CMakeFiles/cmTC_bc204.dir/build

mingw32-make.exe[1]: Entering directory 'E:/cpp/Lib/MySQL/CMakeFiles/CMakeTmp'

Building C object CMakeFiles/cmTC_bc204.dir/testCCompiler.c.obj

E:\Apps\mingw-w64\mingw64\bin\gcc.exe    -o CMakeFiles\cmTC_bc204.dir\testCCompiler.c.obj   -c E:\cpp\Lib\MySQL\CMakeFiles\CMakeTmp\testCCompiler.c

Linking C executable cmTC_bc204.exe

E:\Apps\CMake\bin\cmake.exe -E cmake_link_script CMakeFiles\cmTC_bc204.dir\link.txt --verbose=1

E:\Apps\CMake\bin\cmake.exe -E remove -f CMakeFiles\cmTC_bc204.dir/objects.a
E:\Apps\mingw-w64\mingw64\bin\ar.exe cr CMakeFiles\cmTC_bc204.dir/objects.a @CMakeFiles\cmTC_bc204.dir\objects1.rsp
E:\Apps\mingw-w64\mingw64\bin\gcc.exe      -Wl,--whole-archive CMakeFiles\cmTC_bc204.dir/objects.a -Wl,--no-whole-archive  -o cmTC_bc204.exe -Wl,--out-implib,libcmTC_bc204.dll.a -Wl,--major-image-version,0,--minor-image-version,0 @CMakeFiles\cmTC_bc204.dir\linklibs.rsp
mingw32-make.exe[1]: Leaving directory 'E:/cpp/Lib/MySQL/CMakeFiles/CMakeTmp'




Detecting C compiler ABI info compiled with the following output:
Change Dir: E:/cpp/Lib/MySQL/CMakeFiles/CMakeTmp

Run Build Command(s):E:/Apps/mingw-w64/mingw64/bin/mingw32-make.exe cmTC_cd2bd/fast && E:/Apps/mingw-w64/mingw64/bin/mingw32-make.exe  -f CMakeFiles\cmTC_cd2bd.dir\build.make CMakeFiles/cmTC_cd2bd.dir/build

mingw32-make.exe[1]: Entering directory 'E:/cpp/Lib/MySQL/CMakeFiles/CMakeTmp'

Building C object CMakeFiles/cmTC_cd2bd.dir/CMakeCCompilerABI.c.obj

E:\Apps\mingw-w64\mingw64\bin\gcc.exe   -v -o CMakeFiles\cmTC_cd2bd.dir\CMakeCCompilerABI.c.obj   -c E:\Apps\CMake\share\cmake-3.16\Modules\CMakeCCompilerABI.c

Using built-in specs.

COLLECT_GCC=E:\Apps\mingw-w64\mingw64\bin\gcc.exe

Target: x86_64-w64-mingw32

Configured with: ../../../src/gcc-8.1.0/configure --host=x86_64-w64-mingw32 --build=x86_64-w64-mingw32 --target=x86_64-w64-mingw32 --prefix=/mingw64 --with-sysroot=/c/mingw810/x86_64-810-posix-seh-rt_v6-rev0/mingw64 --enable-shared --enable-static --disable-multilib --enable-languages=c,c++,fortran,lto --enable-libstdcxx-time=yes --enable-threads=posix --enable-libgomp --enable-libatomic --enable-lto --enable-graphite --enable-checking=release --enable-fully-dynamic-string --enable-version-specific-runtime-libs --disable-libstdcxx-pch --disable-libstdcxx-debug --enable-bootstrap --disable-rpath --disable-win32-registry --disable-nls --disable-werror --disable-symvers --with-gnu-as --with-gnu-ld --with-arch=nocona --with-tune=core2 --with-libiconv --with-system-zlib --with-gmp=/c/mingw810/prerequisites/x86_64-w64-mingw32-static --with-mpfr=/c/mingw810/prerequisites/x86_64-w64-mingw32-static --with-mpc=/c/mingw810/prerequisites/x86_64-w64-mingw32-static --with-isl=/c/mingw810/prerequisites/x86_64-w64-mingw32-static --with-pkgversion='x86_64-posix-seh-rev0, Built by MinGW-W64 project' --with-bugurl=https://sourceforge.net/projects/mingw-w64 CFLAGS='-O2 -pipe -fno-ident -I/c/mingw810/x86_64-810-posix-seh-rt_v6-rev0/mingw64/opt/include -I/c/mingw810/prerequisites/x86_64-zlib-static/include -I/c/mingw810/prerequisites/x86_64-w64-mingw32-static/include' CXXFLAGS='-O2 -pipe -fno-ident -I/c/mingw810/x86_64-810-posix-seh-rt_v6-rev0/mingw64/opt/include -I/c/mingw810/prerequisites/x86_64-zlib-static/include -I/c/mingw810/prerequisites/x86_64-w64-mingw32-static/include' CPPFLAGS=' -I/c/mingw810/x86_64-810-posix-seh-rt_v6-rev0/mingw64/opt/include -I/c/mingw810/prerequisites/x86_64-zlib-static/include -I/c/mingw810/prerequisites/x86_64-w64-mingw32-static/include' LDFLAGS='-pipe -fno-ident -L/c/mingw810/x86_64-810-posix-seh-rt_v6-rev0/mingw64/opt/lib -L/c/mingw810/prerequisites/x86_64-zlib-static/lib -L/c/mingw810/prerequisites/x86_64-w64-mingw32-static/lib '

Thread model: posix

gcc version 8.1.0 (x86_64-posix-seh-rev0, Built by MinGW-W64 project) 

COLLECT_GCC_OPTIONS='-v' '-o' 'CMakeFiles\cmTC_cd2bd.dir\CMakeCCompilerABI.c.obj' '-c' '-mtune=core2' '-march=nocona'

 E:/Apps/mingw-w64/mingw64/bin/../libexec/gcc/x86_64-w64-mingw32/8.1.0/cc1.exe -quiet -v -iprefix E:/Apps/mingw-w64/mingw64/bin/../lib/gcc/x86_64-w64-mingw32/8.1.0/ -D_REENTRANT E:\Apps\CMake\share\cmake-3.16\Modules\CMakeCCompilerABI.c -quiet -dumpbase CMakeCCompilerABI.c -mtune=core2 -march=nocona -auxbase-strip CMakeFiles\cmTC_cd2bd.dir\CMakeCCompilerABI.c.obj -version -o C:\Users\jvines\AppData\Local\Tmp\ccdibrhi.s

GNU C17 (x86_64-posix-seh-rev0, Built by MinGW-W64 project) version 8.1.0 (x86_64-w64-mingw32)

	compiled by GNU C version 8.1.0, GMP version 6.1.2, MPFR version 4.0.1, MPC version 1.1.0, isl version isl-0.18-GMP



GGC heuristics: --param ggc-min-expand=100 --param ggc-min-heapsize=131072

ignoring duplicate directory "E:/Apps/mingw-w64/mingw64/lib/gcc/../../lib/gcc/x86_64-w64-mingw32/8.1.0/include"

ignoring nonexistent directory "C:/mingw810/x86_64-810-posix-seh-rt_v6-rev0/mingw64C:/msys64/mingw64/lib/gcc/x86_64-w64-mingw32/8.1.0/../../../../include"

ignoring duplicate directory "E:/Apps/mingw-w64/mingw64/lib/gcc/../../lib/gcc/x86_64-w64-mingw32/8.1.0/include-fixed"

ignoring duplicate directory "E:/Apps/mingw-w64/mingw64/lib/gcc/../../lib/gcc/x86_64-w64-mingw32/8.1.0/../../../../x86_64-w64-mingw32/include"

ignoring nonexistent directory "C:/mingw810/x86_64-810-posix-seh-rt_v6-rev0/mingw64/mingw/include"

#include "..." search starts here:

#include <...> search starts here:

 E:/Apps/mingw-w64/mingw64/bin/../lib/gcc/x86_64-w64-mingw32/8.1.0/include

 E:/Apps/mingw-w64/mingw64/bin/../lib/gcc/x86_64-w64-mingw32/8.1.0/include-fixed

 E:/Apps/mingw-w64/mingw64/bin/../lib/gcc/x86_64-w64-mingw32/8.1.0/../../../../x86_64-w64-mingw32/include

End of search list.

GNU C17 (x86_64-posix-seh-rev0, Built by MinGW-W64 project) version 8.1.0 (x86_64-w64-mingw32)

	compiled by GNU C version 8.1.0, GMP version 6.1.2, MPFR version 4.0.1, MPC version 1.1.0, isl version isl-0.18-GMP



GGC heuristics: --param ggc-min-expand=100 --param ggc-min-heapsize=131072

Compiler executable checksum: 985ce7ae6dd3a696cd146ca9896b0035

COLLECT_GCC_OPTIONS='-v' '-o' 'CMakeFiles\cmTC_cd2bd.dir\CMakeCCompilerABI.c.obj' '-c' '-mtune=core2' '-march=nocona'

 E:/Apps/mingw-w64/mingw64/bin/../lib/gcc/x86_64-w64-mingw32/8.1.0/../../../../x86_64-w64-mingw32/bin/as.exe -v -o CMakeFiles\cmTC_cd2bd.dir\CMakeCCompilerABI.c.obj C:\Users\jvines\AppData\Local\Tmp\ccdibrhi.s

GNU assembler version 2.30 (x86_64-w64-mingw32) using BFD version (GNU Binutils) 2.30

COMPILER_PATH=E:/Apps/mingw-w64/mingw64/bin/../libexec/gcc/x86_64-w64-mingw32/8.1.0/;E:/Apps/mingw-w64/mingw64/bin/../libexec/gcc/;E:/Apps/mingw-w64/mingw64/bin/../lib/gcc/x86_64-w64-mingw32/8.1.0/../../../../x86_64-w64-mingw32/bin/

LIBRARY_PATH=E:/Apps/mingw-w64/mingw64/bin/../lib/gcc/x86_64-w64-mingw32/8.1.0/;E:/Apps/mingw-w64/mingw64/bin/../lib/gcc/;E:/Apps/mingw-w64/mingw64/bin/../lib/gcc/x86_64-w64-mingw32/8.1.0/../../../../x86_64-w64-mingw32/lib/../lib/;E:/Apps/mingw-w64/mingw64/bin/../lib/gcc/x86_64-w64-mingw32/8.1.0/../../../../lib/;E:/Apps/mingw-w64/mingw64/bin/../lib/gcc/x86_64-w64-mingw32/8.1.0/../../../../x86_64-w64-mingw32/lib/;E:/Apps/mingw-w64/mingw64/bin/../lib/gcc/x86_64-w64-mingw32/8.1.0/../../../

COLLECT_GCC_OPTIONS='-v' '-o' 'CMakeFiles\cmTC_cd2bd.dir\CMakeCCompilerABI.c.obj' '-c' '-mtune=core2' '-march=nocona'

Linking C executable cmTC_cd2bd.exe

E:\Apps\CMake\bin\cmake.exe -E cmake_link_script CMakeFiles\cmTC_cd2bd.dir\link.txt --verbose=1

E:\Apps\CMake\bin\cmake.exe -E remove -f CMakeFiles\cmTC_cd2bd.dir/objects.a
E:\Apps\mingw-w64\mingw64\bin\ar.exe cr CMakeFiles\cmTC_cd2bd.dir/objects.a @CMakeFiles\cmTC_cd2bd.dir\objects1.rsp
E:\Apps\mingw-w64\mingw64\bin\gcc.exe     -v -Wl,--whole-archive CMakeFiles\cmTC_cd2bd.dir/objects.a -Wl,--no-whole-archive  -o cmTC_cd2bd.exe -Wl,--out-implib,libcmTC_cd2bd.dll.a -Wl,--major-image-version,0,--minor-image-version,0 
Using built-in specs.

COLLECT_GCC=E:\Apps\mingw-w64\mingw64\bin\gcc.exe

COLLECT_LTO_WRAPPER=E:/Apps/mingw-w64/mingw64/bin/../libexec/gcc/x86_64-w64-mingw32/8.1.0/lto-wrapper.exe

Target: x86_64-w64-mingw32

Configured with: ../../../src/gcc-8.1.0/configure --host=x86_64-w64-mingw32 --build=x86_64-w64-mingw32 --target=x86_64-w64-mingw32 --prefix=/mingw64 --with-sysroot=/c/mingw810/x86_64-810-posix-seh-rt_v6-rev0/mingw64 --enable-shared --enable-static --disable-multilib --enable-languages=c,c++,fortran,lto --enable-libstdcxx-time=yes --enable-threads=posix --enable-libgomp --enable-libatomic --enable-lto --enable-graphite --enable-checking=release --enable-fully-dynamic-string --enable-version-specific-runtime-libs --disable-libstdcxx-pch --disable-libstdcxx-debug --enable-bootstrap --disable-rpath --disable-win32-registry --disable-nls --disable-werror --disable-symvers --with-gnu-as --with-gnu-ld --with-arch=nocona --with-tune=core2 --with-libiconv --with-system-zlib --with-gmp=/c/mingw810/prerequisites/x86_64-w64-mingw32-static --with-mpfr=/c/mingw810/prerequisites/x86_64-w64-mingw32-static --with-mpc=/c/mingw810/prerequisites/x86_64-w64-mingw32-static --with-isl=/c/mingw810/prerequisites/x86_64-w64-mingw32-static --with-pkgversion='x86_64-posix-seh-rev0, Built by MinGW-W64 project' --with-bugurl=https://sourceforge.net/projects/mingw-w64 CFLAGS='-O2 -pipe -fno-ident -I/c/mingw810/x86_64-810-posix-seh-rt_v6-rev0/mingw64/opt/include -I/c/mingw810/prerequisites/x86_64-zlib-static/include -I/c/mingw810/prerequisites/x86_64-w64-mingw32-static/include' CXXFLAGS='-O2 -pipe -fno-ident -I/c/mingw810/x86_64-810-posix-seh-rt_v6-rev0/mingw64/opt/include -I/c/mingw810/prerequisites/x86_64-zlib-static/include -I/c/mingw810/prerequisites/x86_64-w64-mingw32-static/include' CPPFLAGS=' -I/c/mingw810/x86_64-810-posix-seh-rt_v6-rev0/mingw64/opt/include -I/c/mingw810/prerequisites/x86_64-zlib-static/include -I/c/mingw810/prerequisites/x86_64-w64-mingw32-static/include' LDFLAGS='-pipe -fno-ident -L/c/mingw810/x86_64-810-posix-seh-rt_v6-rev0/mingw64/opt/lib -L/c/mingw810/prerequisites/x86_64-zlib-static/lib -L/c/mingw810/prerequisites/x86_64-w64-mingw32-static/lib '

Thread model: posix

gcc version 8.1.0 (x86_64-posix-seh-rev0, Built by MinGW-W64 project) 

COMPILER_PATH=E:/Apps/mingw-w64/mingw64/bin/../libexec/gcc/x86_64-w64-mingw32/8.1.0/;E:/Apps/mingw-w64/mingw64/bin/../libexec/gcc/;E:/Apps/mingw-w64/mingw64/bin/../lib/gcc/x86_64-w64-mingw32/8.1.0/../../../../x86_64-w64-mingw32/bin/

LIBRARY_PATH=E:/Apps/mingw-w64/mingw64/bin/../lib/gcc/x86_64-w64-mingw32/8.1.0/;E:/Apps/mingw-w64/mingw64/bin/../lib/gcc/;E:/Apps/mingw-w64/mingw64/bin/../lib/gcc/x86_64-w64-mingw32/8.1.0/../../../../x86_64-w64-mingw32/lib/../lib/;E:/Apps/mingw-w64/mingw64/bin/../lib/gcc/x86_64-w64-mingw32/8.1.0/../../../../lib/;E:/Apps/mingw-w64/mingw64/bin/../lib/gcc/x86_64-w64-mingw32/8.1.0/../../../../x86_64-w64-mingw32/lib/;E:/Apps/mingw-w64/mingw64/bin/../lib/gcc/x86_64-w64-mingw32/8.1.0/../../../

COLLECT_GCC_OPTIONS='-v' '-o' 'cmTC_cd2bd.exe' '-mtune=core2' '-march=nocona'

 E:/Apps/mingw-w64/mingw64/bin/../libexec/gcc/x86_64-w64-mingw32/8.1.0/collect2.exe -plugin E:/Apps/mingw-w64/mingw64/bin/../libexec/gcc/x86_64-w64-mingw32/8.1.0/liblto_plugin-0.dll -plugin-opt=E:/Apps/mingw-w64/mingw64/bin/../libexec/gcc/x86_64-w64-mingw32/8.1.0/lto-wrapper.exe -plugin-opt=-fresolution=C:\Users\jvines\AppData\Local\Tmp\cc7696jx.res -plugin-opt=-pass-through=-lmingw32 -plugin-opt=-pass-through=-lgcc -plugin-opt=-pass-through=-lgcc_eh -plugin-opt=-pass-through=-lmoldname -plugin-opt=-pass-through=-lmingwex -plugin-opt=-pass-through=-lmsvcrt -plugin-opt=-pass-through=-lpthread -plugin-opt=-pass-through=-ladvapi32 -plugin-opt=-pass-through=-lshell32 -plugin-opt=-pass-through=-luser32 -plugin-opt=-pass-through=-lkernel32 -plugin-opt=-pass-through=-liconv -plugin-opt=-pass-through=-lmingw32 -plugin-opt=-pass-through=-lgcc -plugin-opt=-pass-through=-lgcc_eh -plugin-opt=-pass-through=-lmoldname -plugin-opt=-pass-through=-lmingwex -plugin-opt=-pass-through=-lmsvcrt --sysroot=C:/mingw810/x86_64-810-posix-seh-rt_v6-rev0/mingw64 -m i386pep -Bdynamic -o cmTC_cd2bd.exe E:/Apps/mingw-w64/mingw64/bin/../lib/gcc/x86_64-w64-mingw32/8.1.0/../../../../x86_64-w64-mingw32/lib/../lib/crt2.o E:/Apps/mingw-w64/mingw64/bin/../lib/gcc/x86_64-w64-mingw32/8.1.0/crtbegin.o -LE:/Apps/mingw-w64/mingw64/bin/../lib/gcc/x86_64-w64-mingw32/8.1.0 -LE:/Apps/mingw-w64/mingw64/bin/../lib/gcc -LE:/Apps/mingw-w64/mingw64/bin/../lib/gcc/x86_64-w64-mingw32/8.1.0/../../../../x86_64-w64-mingw32/lib/../lib -LE:/Apps/mingw-w64/mingw64/bin/../lib/gcc/x86_64-w64-mingw32/8.1.0/../../../../lib -LE:/Apps/mingw-w64/mingw64/bin/../lib/gcc/x86_64-w64-mingw32/8.1.0/../../../../x86_64-w64-mingw32/lib -LE:/Apps/mingw-w64/mingw64/bin/../lib/gcc/x86_64-w64-mingw32/8.1.0/../../.. --whole-archive CMakeFiles\cmTC_cd2bd.dir/objects.a --no-whole-archive --out-implib libcmTC_cd2bd.dll.a --major-image-version 0 --minor-image-version 0 -lmingw32 -lgcc -lgcc_eh -lmoldname -lmingwex -lmsvcrt -lpthread -ladvapi32 -lshell32 -luser32 -lkernel32 -liconv -lmingw32 -lgcc -lgcc_eh -lmoldname -lmingwex -lmsvcrt E:/Apps/mingw-w64/mingw64/bin/../lib/gcc/x86_64-w64-mingw32/8.1.0/crtend.o

COLLECT_GCC_OPTIONS='-v' '-o' 'cmTC_cd2bd.exe' '-mtune=core2' '-march=nocona'

mingw32-make.exe[1]: Leaving directory 'E:/cpp/Lib/MySQL/CMakeFiles/CMakeTmp'




Parsed C implicit include dir info from above output: rv=done
  found start of include info
  found start of implicit include info
    add: [E:/Apps/mingw-w64/mingw64/bin/../lib/gcc/x86_64-w64-mingw32/8.1.0/include]
    add: [E:/Apps/mingw-w64/mingw64/bin/../lib/gcc/x86_64-w64-mingw32/8.1.0/include-fixed]
    add: [E:/Apps/mingw-w64/mingw64/bin/../lib/gcc/x86_64-w64-mingw32/8.1.0/../../../../x86_64-w64-mingw32/include]
  end of search list found
  collapse include dir [E:/Apps/mingw-w64/mingw64/bin/../lib/gcc/x86_64-w64-mingw32/8.1.0/include] ==> [E:/Apps/mingw-w64/mingw64/lib/gcc/x86_64-w64-mingw32/8.1.0/include]
  collapse include dir [E:/Apps/mingw-w64/mingw64/bin/../lib/gcc/x86_64-w64-mingw32/8.1.0/include-fixed] ==> [E:/Apps/mingw-w64/mingw64/lib/gcc/x86_64-w64-mingw32/8.1.0/include-fixed]
  collapse include dir [E:/Apps/mingw-w64/mingw64/bin/../lib/gcc/x86_64-w64-mingw32/8.1.0/../../../../x86_64-w64-mingw32/include] ==> [E:/Apps/mingw-w64/mingw64/x86_64-w64-mingw32/include]
  implicit include dirs: [E:/Apps/mingw-w64/mingw64/lib/gcc/x86_64-w64-mingw32/8.1.0/include;E:/Apps/mingw-w64/mingw64/lib/gcc/x86_64-w64-mingw32/8.1.0/include-fixed;E:/Apps/mingw-w64/mingw64/x86_64-w64-mingw32/include]


Parsed C implicit link information from above output:
  link line regex: [^( *|.*[/\])(ld\.exe|CMAKE_LINK_STARTFILE-NOTFOUND|([^/\]+-)?ld|collect2)[^/\]*( |$)]
  ignore line: [Change Dir: E:/cpp/Lib/MySQL/CMakeFiles/CMakeTmp]
  ignore line: []
  ignore line: [Run Build Command(s):E:/Apps/mingw-w64/mingw64/bin/mingw32-make.exe cmTC_cd2bd/fast && E:/Apps/mingw-w64/mingw64/bin/mingw32-make.exe  -f CMakeFiles\cmTC_cd2bd.dir\build.make CMakeFiles/cmTC_cd2bd.dir/build]
  ignore line: [mingw32-make.exe[1]: Entering directory 'E:/cpp/Lib/MySQL/CMakeFiles/CMakeTmp']
  ignore line: [Building C object CMakeFiles/cmTC_cd2bd.dir/CMakeCCompilerABI.c.obj]
  ignore line: [E:\Apps\mingw-w64\mingw64\bin\gcc.exe   -v -o CMakeFiles\cmTC_cd2bd.dir\CMakeCCompilerABI.c.obj   -c E:\Apps\CMake\share\cmake-3.16\Modules\CMakeCCompilerABI.c]
  ignore line: [Using built-in specs.]
  ignore line: [COLLECT_GCC=E:\Apps\mingw-w64\mingw64\bin\gcc.exe]
  ignore line: [Target: x86_64-w64-mingw32]
  ignore line: [Configured with: ../../../src/gcc-8.1.0/configure --host=x86_64-w64-mingw32 --build=x86_64-w64-mingw32 --target=x86_64-w64-mingw32 --prefix=/mingw64 --with-sysroot=/c/mingw810/x86_64-810-posix-seh-rt_v6-rev0/mingw64 --enable-shared --enable-static --disable-multilib --enable-languages=c,c++,fortran,lto --enable-libstdcxx-time=yes --enable-threads=posix --enable-libgomp --enable-libatomic --enable-lto --enable-graphite --enable-checking=release --enable-fully-dynamic-string --enable-version-specific-runtime-libs --disable-libstdcxx-pch --disable-libstdcxx-debug --enable-bootstrap --disable-rpath --disable-win32-registry --disable-nls --disable-werror --disable-symvers --with-gnu-as --with-gnu-ld --with-arch=nocona --with-tune=core2 --with-libiconv --with-system-zlib --with-gmp=/c/mingw810/prerequisites/x86_64-w64-mingw32-static --with-mpfr=/c/mingw810/prerequisites/x86_64-w64-mingw32-static --with-mpc=/c/mingw810/prerequisites/x86_64-w64-mingw32-static --with-isl=/c/mingw810/prerequisites/x86_64-w64-mingw32-static --with-pkgversion='x86_64-posix-seh-rev0, Built by MinGW-W64 project' --with-bugurl=https://sourceforge.net/projects/mingw-w64 CFLAGS='-O2 -pipe -fno-ident -I/c/mingw810/x86_64-810-posix-seh-rt_v6-rev0/mingw64/opt/include -I/c/mingw810/prerequisites/x86_64-zlib-static/include -I/c/mingw810/prerequisites/x86_64-w64-mingw32-static/include' CXXFLAGS='-O2 -pipe -fno-ident -I/c/mingw810/x86_64-810-posix-seh-rt_v6-rev0/mingw64/opt/include -I/c/mingw810/prerequisites/x86_64-zlib-static/include -I/c/mingw810/prerequisites/x86_64-w64-mingw32-static/include' CPPFLAGS=' -I/c/mingw810/x86_64-810-posix-seh-rt_v6-rev0/mingw64/opt/include -I/c/mingw810/prerequisites/x86_64-zlib-static/include -I/c/mingw810/prerequisites/x86_64-w64-mingw32-static/include' LDFLAGS='-pipe -fno-ident -L/c/mingw810/x86_64-810-posix-seh-rt_v6-rev0/mingw64/opt/lib -L/c/mingw810/prerequisites/x86_64-zlib-static/lib -L/c/mingw810/prerequisites/x86_64-w64-mingw32-static/lib ']
  ignore line: [Thread model: posix]
  ignore line: [gcc version 8.1.0 (x86_64-posix-seh-rev0  Built by MinGW-W64 project) ]
  ignore line: [COLLECT_GCC_OPTIONS='-v' '-o' 'CMakeFiles\cmTC_cd2bd.dir\CMakeCCompilerABI.c.obj' '-c' '-mtune=core2' '-march=nocona']
  ignore line: [ E:/Apps/mingw-w64/mingw64/bin/../libexec/gcc/x86_64-w64-mingw32/8.1.0/cc1.exe -quiet -v -iprefix E:/Apps/mingw-w64/mingw64/bin/../lib/gcc/x86_64-w64-mingw32/8.1.0/ -D_REENTRANT E:\Apps\CMake\share\cmake-3.16\Modules\CMakeCCompilerABI.c -quiet -dumpbase CMakeCCompilerABI.c -mtune=core2 -march=nocona -auxbase-strip CMakeFiles\cmTC_cd2bd.dir\CMakeCCompilerABI.c.obj -version -o C:\Users\jvines\AppData\Local\Tmp\ccdibrhi.s]
  ignore line: [GNU C17 (x86_64-posix-seh-rev0  Built by MinGW-W64 project) version 8.1.0 (x86_64-w64-mingw32)]
  ignore line: [	compiled by GNU C version 8.1.0  GMP version 6.1.2  MPFR version 4.0.1  MPC version 1.1.0  isl version isl-0.18-GMP]
  ignore line: []
  ignore line: [GGC heuristics: --param ggc-min-expand=100 --param ggc-min-heapsize=131072]
  ignore line: [ignoring duplicate directory "E:/Apps/mingw-w64/mingw64/lib/gcc/../../lib/gcc/x86_64-w64-mingw32/8.1.0/include"]
  ignore line: [ignoring nonexistent directory "C:/mingw810/x86_64-810-posix-seh-rt_v6-rev0/mingw64C:/msys64/mingw64/lib/gcc/x86_64-w64-mingw32/8.1.0/../../../../include"]
  ignore line: [ignoring duplicate directory "E:/Apps/mingw-w64/mingw64/lib/gcc/../../lib/gcc/x86_64-w64-mingw32/8.1.0/include-fixed"]
  ignore line: [ignoring duplicate directory "E:/Apps/mingw-w64/mingw64/lib/gcc/../../lib/gcc/x86_64-w64-mingw32/8.1.0/../../../../x86_64-w64-mingw32/include"]
  ignore line: [ignoring nonexistent directory "C:/mingw810/x86_64-810-posix-seh-rt_v6-rev0/mingw64/mingw/include"]
  ignore line: [#include "..." search starts here:]
  ignore line: [#include <...> search starts here:]
  ignore line: [ E:/Apps/mingw-w64/mingw64/bin/../lib/gcc/x86_64-w64-mingw32/8.1.0/include]
  ignore line: [ E:/Apps/mingw-w64/mingw64/bin/../lib/gcc/x86_64-w64-mingw32/8.1.0/include-fixed]
  ignore line: [ E:/Apps/mingw-w64/mingw64/bin/../lib/gcc/x86_64-w64-mingw32/8.1.0/../../../../x86_64-w64-mingw32/include]
  ignore line: [End of search list.]
  ignore line: [GNU C17 (x86_64-posix-seh-rev0  Built by MinGW-W64 project) version 8.1.0 (x86_64-w64-mingw32)]
  ignore line: [	compiled by GNU C version 8.1.0  GMP version 6.1.2  MPFR version 4.0.1  MPC version 1.1.0  isl version isl-0.18-GMP]
  ignore line: []
  ignore line: [GGC heuristics: --param ggc-min-expand=100 --param ggc-min-heapsize=131072]
  ignore line: [Compiler executable checksum: 985ce7ae6dd3a696cd146ca9896b0035]
  ignore line: [COLLECT_GCC_OPTIONS='-v' '-o' 'CMakeFiles\cmTC_cd2bd.dir\CMakeCCompilerABI.c.obj' '-c' '-mtune=core2' '-march=nocona']
  ignore line: [ E:/Apps/mingw-w64/mingw64/bin/../lib/gcc/x86_64-w64-mingw32/8.1.0/../../../../x86_64-w64-mingw32/bin/as.exe -v -o CMakeFiles\cmTC_cd2bd.dir\CMakeCCompilerABI.c.obj C:\Users\jvines\AppData\Local\Tmp\ccdibrhi.s]
  ignore line: [GNU assembler version 2.30 (x86_64-w64-mingw32) using BFD version (GNU Binutils) 2.30]
  ignore line: [COMPILER_PATH=E:/Apps/mingw-w64/mingw64/bin/../libexec/gcc/x86_64-w64-mingw32/8.1.0/]
  ignore line: [E:/Apps/mingw-w64/mingw64/bin/../libexec/gcc/]
  ignore line: [E:/Apps/mingw-w64/mingw64/bin/../lib/gcc/x86_64-w64-mingw32/8.1.0/../../../../x86_64-w64-mingw32/bin/]
  ignore line: [LIBRARY_PATH=E:/Apps/mingw-w64/mingw64/bin/../lib/gcc/x86_64-w64-mingw32/8.1.0/]
  ignore line: [E:/Apps/mingw-w64/mingw64/bin/../lib/gcc/]
  ignore line: [E:/Apps/mingw-w64/mingw64/bin/../lib/gcc/x86_64-w64-mingw32/8.1.0/../../../../x86_64-w64-mingw32/lib/../lib/]
  ignore line: [E:/Apps/mingw-w64/mingw64/bin/../lib/gcc/x86_64-w64-mingw32/8.1.0/../../../../lib/]
  ignore line: [E:/Apps/mingw-w64/mingw64/bin/../lib/gcc/x86_64-w64-mingw32/8.1.0/../../../../x86_64-w64-mingw32/lib/]
  ignore line: [E:/Apps/mingw-w64/mingw64/bin/../lib/gcc/x86_64-w64-mingw32/8.1.0/../../../]
  ignore line: [COLLECT_GCC_OPTIONS='-v' '-o' 'CMakeFiles\cmTC_cd2bd.dir\CMakeCCompilerABI.c.obj' '-c' '-mtune=core2' '-march=nocona']
  ignore line: [Linking C executable cmTC_cd2bd.exe]
  ignore line: [E:\Apps\CMake\bin\cmake.exe -E cmake_link_script CMakeFiles\cmTC_cd2bd.dir\link.txt --verbose=1]
  ignore line: [E:\Apps\CMake\bin\cmake.exe -E remove -f CMakeFiles\cmTC_cd2bd.dir/objects.a]
  ignore line: [E:\Apps\mingw-w64\mingw64\bin\ar.exe cr CMakeFiles\cmTC_cd2bd.dir/objects.a @CMakeFiles\cmTC_cd2bd.dir\objects1.rsp]
  ignore line: [E:\Apps\mingw-w64\mingw64\bin\gcc.exe     -v -Wl --whole-archive CMakeFiles\cmTC_cd2bd.dir/objects.a -Wl --no-whole-archive  -o cmTC_cd2bd.exe -Wl --out-implib libcmTC_cd2bd.dll.a -Wl --major-image-version 0 --minor-image-version 0 ]
  ignore line: [Using built-in specs.]
  ignore line: [COLLECT_GCC=E:\Apps\mingw-w64\mingw64\bin\gcc.exe]
  ignore line: [COLLECT_LTO_WRAPPER=E:/Apps/mingw-w64/mingw64/bin/../libexec/gcc/x86_64-w64-mingw32/8.1.0/lto-wrapper.exe]
  ignore line: [Target: x86_64-w64-mingw32]
  ignore line: [Configured with: ../../../src/gcc-8.1.0/configure --host=x86_64-w64-mingw32 --build=x86_64-w64-mingw32 --target=x86_64-w64-mingw32 --prefix=/mingw64 --with-sysroot=/c/mingw810/x86_64-810-posix-seh-rt_v6-rev0/mingw64 --enable-shared --enable-static --disable-multilib --enable-languages=c,c++,fortran,lto --enable-libstdcxx-time=yes --enable-threads=posix --enable-libgomp --enable-libatomic --enable-lto --enable-graphite --enable-checking=release --enable-fully-dynamic-string --enable-version-specific-runtime-libs --disable-libstdcxx-pch --disable-libstdcxx-debug --enable-bootstrap --disable-rpath --disable-win32-registry --disable-nls --disable-werror --disable-symvers --with-gnu-as --with-gnu-ld --with-arch=nocona --with-tune=core2 --with-libiconv --with-system-zlib --with-gmp=/c/mingw810/prerequisites/x86_64-w64-mingw32-static --with-mpfr=/c/mingw810/prerequisites/x86_64-w64-mingw32-static --with-mpc=/c/mingw810/prerequisites/x86_64-w64-mingw32-static --with-isl=/c/mingw810/prerequisites/x86_64-w64-mingw32-static --with-pkgversion='x86_64-posix-seh-rev0, Built by MinGW-W64 project' --with-bugurl=https://sourceforge.net/projects/mingw-w64 CFLAGS='-O2 -pipe -fno-ident -I/c/mingw810/x86_64-810-posix-seh-rt_v6-rev0/mingw64/opt/include -I/c/mingw810/prerequisites/x86_64-zlib-static/include -I/c/mingw810/prerequisites/x86_64-w64-mingw32-static/include' CXXFLAGS='-O2 -pipe -fno-ident -I/c/mingw810/x86_64-810-posix-seh-rt_v6-rev0/mingw64/opt/include -I/c/mingw810/prerequisites/x86_64-zlib-static/include -I/c/mingw810/prerequisites/x86_64-w64-mingw32-static/include' CPPFLAGS=' -I/c/mingw810/x86_64-810-posix-seh-rt_v6-rev0/mingw64/opt/include -I/c/mingw810/prerequisites/x86_64-zlib-static/include -I/c/mingw810/prerequisites/x86_64-w64-mingw32-static/include' LDFLAGS='-pipe -fno-ident -L/c/mingw810/x86_64-810-posix-seh-rt_v6-rev0/mingw64/opt/lib -L/c/mingw810/prerequisites/x86_64-zlib-static/lib -L/c/mingw810/prerequisites/x86_64-w64-mingw32-static/lib ']
  ignore line: [Thread model: posix]
  ignore line: [gcc version 8.1.0 (x86_64-posix-seh-rev0  Built by MinGW-W64 project) ]
  ignore line: [COMPILER_PATH=E:/Apps/mingw-w64/mingw64/bin/../libexec/gcc/x86_64-w64-mingw32/8.1.0/]
  ignore line: [E:/Apps/mingw-w64/mingw64/bin/../libexec/gcc/]
  ignore line: [E:/Apps/mingw-w64/mingw64/bin/../lib/gcc/x86_64-w64-mingw32/8.1.0/../../../../x86_64-w64-mingw32/bin/]
  ignore line: [LIBRARY_PATH=E:/Apps/mingw-w64/mingw64/bin/../lib/gcc/x86_64-w64-mingw32/8.1.0/]
  ignore line: [E:/Apps/mingw-w64/mingw64/bin/../lib/gcc/]
  ignore line: [E:/Apps/mingw-w64/mingw64/bin/../lib/gcc/x86_64-w64-mingw32/8.1.0/../../../../x86_64-w64-mingw32/lib/../lib/]
  ignore line: [E:/Apps/mingw-w64/mingw64/bin/../lib/gcc/x86_64-w64-mingw32/8.1.0/../../../../lib/]
  ignore line: [E:/Apps/mingw-w64/mingw64/bin/../lib/gcc/x86_64-w64-mingw32/8.1.0/../../../../x86_64-w64-mingw32/lib/]
  ignore line: [E:/Apps/mingw-w64/mingw64/bin/../lib/gcc/x86_64-w64-mingw32/8.1.0/../../../]
  ignore line: [COLLECT_GCC_OPTIONS='-v' '-o' 'cmTC_cd2bd.exe' '-mtune=core2' '-march=nocona']
  link line: [ E:/Apps/mingw-w64/mingw64/bin/../libexec/gcc/x86_64-w64-mingw32/8.1.0/collect2.exe -plugin E:/Apps/mingw-w64/mingw64/bin/../libexec/gcc/x86_64-w64-mingw32/8.1.0/liblto_plugin-0.dll -plugin-opt=E:/Apps/mingw-w64/mingw64/bin/../libexec/gcc/x86_64-w64-mingw32/8.1.0/lto-wrapper.exe -plugin-opt=-fresolution=C:\Users\jvines\AppData\Local\Tmp\cc7696jx.res -plugin-opt=-pass-through=-lmingw32 -plugin-opt=-pass-through=-lgcc -plugin-opt=-pass-through=-lgcc_eh -plugin-opt=-pass-through=-lmoldname -plugin-opt=-pass-through=-lmingwex -plugin-opt=-pass-through=-lmsvcrt -plugin-opt=-pass-through=-lpthread -plugin-opt=-pass-through=-ladvapi32 -plugin-opt=-pass-through=-lshell32 -plugin-opt=-pass-through=-luser32 -plugin-opt=-pass-through=-lkernel32 -plugin-opt=-pass-through=-liconv -plugin-opt=-pass-through=-lmingw32 -plugin-opt=-pass-through=-lgcc -plugin-opt=-pass-through=-lgcc_eh -plugin-opt=-pass-through=-lmoldname -plugin-opt=-pass-through=-lmingwex -plugin-opt=-pass-through=-lmsvcrt --sysroot=C:/mingw810/x86_64-810-posix-seh-rt_v6-rev0/mingw64 -m i386pep -Bdynamic -o cmTC_cd2bd.exe E:/Apps/mingw-w64/mingw64/bin/../lib/gcc/x86_64-w64-mingw32/8.1.0/../../../../x86_64-w64-mingw32/lib/../lib/crt2.o E:/Apps/mingw-w64/mingw64/bin/../lib/gcc/x86_64-w64-mingw32/8.1.0/crtbegin.o -LE:/Apps/mingw-w64/mingw64/bin/../lib/gcc/x86_64-w64-mingw32/8.1.0 -LE:/Apps/mingw-w64/mingw64/bin/../lib/gcc -LE:/Apps/mingw-w64/mingw64/bin/../lib/gcc/x86_64-w64-mingw32/8.1.0/../../../../x86_64-w64-mingw32/lib/../lib -LE:/Apps/mingw-w64/mingw64/bin/../lib/gcc/x86_64-w64-mingw32/8.1.0/../../../../lib -LE:/Apps/mingw-w64/mingw64/bin/../lib/gcc/x86_64-w64-mingw32/8.1.0/../../../../x86_64-w64-mingw32/lib -LE:/Apps/mingw-w64/mingw64/bin/../lib/gcc/x86_64-w64-mingw32/8.1.0/../../.. --whole-archive CMakeFiles\cmTC_cd2bd.dir/objects.a --no-whole-archive --out-implib libcmTC_cd2bd.dll.a --major-image-version 0 --minor-image-version 0 -lmingw32 -lgcc -lgcc_eh -lmoldname -lmingwex -lmsvcrt -lpthread -ladvapi32 -lshell32 -luser32 -lkernel32 -liconv -lmingw32 -lgcc -lgcc_eh -lmoldname -lmingwex -lmsvcrt E:/Apps/mingw-w64/mingw64/bin/../lib/gcc/x86_64-w64-mingw32/8.1.0/crtend.o]
    arg [E:/Apps/mingw-w64/mingw64/bin/../libexec/gcc/x86_64-w64-mingw32/8.1.0/collect2.exe] ==> ignore
    arg [-plugin] ==> ignore
    arg [E:/Apps/mingw-w64/mingw64/bin/../libexec/gcc/x86_64-w64-mingw32/8.1.0/liblto_plugin-0.dll] ==> ignore
    arg [-plugin-opt=E:/Apps/mingw-w64/mingw64/bin/../libexec/gcc/x86_64-w64-mingw32/8.1.0/lto-wrapper.exe] ==> ignore
    arg [-plugin-opt=-fresolution=C:\Users\jvines\AppData\Local\Tmp\cc7696jx.res] ==> ignore
    arg [-plugin-opt=-pass-through=-lmingw32] ==> ignore
    arg [-plugin-opt=-pass-through=-lgcc] ==> ignore
    arg [-plugin-opt=-pass-through=-lgcc_eh] ==> ignore
    arg [-plugin-opt=-pass-through=-lmoldname] ==> ignore
    arg [-plugin-opt=-pass-through=-lmingwex] ==> ignore
    arg [-plugin-opt=-pass-through=-lmsvcrt] ==> ignore
    arg [-plugin-opt=-pass-through=-lpthread] ==> ignore
    arg [-plugin-opt=-pass-through=-ladvapi32] ==> ignore
    arg [-plugin-opt=-pass-through=-lshell32] ==> ignore
    arg [-plugin-opt=-pass-through=-luser32] ==> ignore
    arg [-plugin-opt=-pass-through=-lkernel32] ==> ignore
    arg [-plugin-opt=-pass-through=-liconv] ==> ignore
    arg [-plugin-opt=-pass-through=-lmingw32] ==> ignore
    arg [-plugin-opt=-pass-through=-lgcc] ==> ignore
    arg [-plugin-opt=-pass-through=-lgcc_eh] ==> ignore
    arg [-plugin-opt=-pass-through=-lmoldname] ==> ignore
    arg [-plugin-opt=-pass-through=-lmingwex] ==> ignore
    arg [-plugin-opt=-pass-through=-lmsvcrt] ==> ignore
    arg [--sysroot=C:/mingw810/x86_64-810-posix-seh-rt_v6-rev0/mingw64] ==> ignore
    arg [-m] ==> ignore
    arg [i386pep] ==> ignore
    arg [-Bdynamic] ==> ignore
    arg [-o] ==> ignore
    arg [cmTC_cd2bd.exe] ==> ignore
    arg [E:/Apps/mingw-w64/mingw64/bin/../lib/gcc/x86_64-w64-mingw32/8.1.0/../../../../x86_64-w64-mingw32/lib/../lib/crt2.o] ==> ignore
    arg [E:/Apps/mingw-w64/mingw64/bin/../lib/gcc/x86_64-w64-mingw32/8.1.0/crtbegin.o] ==> ignore
    arg [-LE:/Apps/mingw-w64/mingw64/bin/../lib/gcc/x86_64-w64-mingw32/8.1.0] ==> dir [E:/Apps/mingw-w64/mingw64/bin/../lib/gcc/x86_64-w64-mingw32/8.1.0]
    arg [-LE:/Apps/mingw-w64/mingw64/bin/../lib/gcc] ==> dir [E:/Apps/mingw-w64/mingw64/bin/../lib/gcc]
    arg [-LE:/Apps/mingw-w64/mingw64/bin/../lib/gcc/x86_64-w64-mingw32/8.1.0/../../../../x86_64-w64-mingw32/lib/../lib] ==> dir [E:/Apps/mingw-w64/mingw64/bin/../lib/gcc/x86_64-w64-mingw32/8.1.0/../../../../x86_64-w64-mingw32/lib/../lib]
    arg [-LE:/Apps/mingw-w64/mingw64/bin/../lib/gcc/x86_64-w64-mingw32/8.1.0/../../../../lib] ==> dir [E:/Apps/mingw-w64/mingw64/bin/../lib/gcc/x86_64-w64-mingw32/8.1.0/../../../../lib]
    arg [-LE:/Apps/mingw-w64/mingw64/bin/../lib/gcc/x86_64-w64-mingw32/8.1.0/../../../../x86_64-w64-mingw32/lib] ==> dir [E:/Apps/mingw-w64/mingw64/bin/../lib/gcc/x86_64-w64-mingw32/8.1.0/../../../../x86_64-w64-mingw32/lib]
    arg [-LE:/Apps/mingw-w64/mingw64/bin/../lib/gcc/x86_64-w64-mingw32/8.1.0/../../..] ==> dir [E:/Apps/mingw-w64/mingw64/bin/../lib/gcc/x86_64-w64-mingw32/8.1.0/../../..]
    arg [--whole-archive] ==> ignore
    arg [CMakeFiles\cmTC_cd2bd.dir/objects.a] ==> ignore
    arg [--no-whole-archive] ==> ignore
    arg [--out-implib] ==> ignore
    arg [libcmTC_cd2bd.dll.a] ==> ignore
    arg [--major-image-version] ==> ignore
    arg [0] ==> ignore
    arg [--minor-image-version] ==> ignore
    arg [0] ==> ignore
    arg [-lmingw32] ==> lib [mingw32]
    arg [-lgcc] ==> lib [gcc]
    arg [-lgcc_eh] ==> lib [gcc_eh]
    arg [-lmoldname] ==> lib [moldname]
    arg [-lmingwex] ==> lib [mingwex]
    arg [-lmsvcrt] ==> lib [msvcrt]
    arg [-lpthread] ==> lib [pthread]
    arg [-ladvapi32] ==> lib [advapi32]
    arg [-lshell32] ==> lib [shell32]
    arg [-luser32] ==> lib [user32]
    arg [-lkernel32] ==> lib [kernel32]
    arg [-liconv] ==> lib [iconv]
    arg [-lmingw32] ==> lib [mingw32]
    arg [-lgcc] ==> lib [gcc]
    arg [-lgcc_eh] ==> lib [gcc_eh]
    arg [-lmoldname] ==> lib [moldname]
    arg [-lmingwex] ==> lib [mingwex]
    arg [-lmsvcrt] ==> lib [msvcrt]
    arg [E:/Apps/mingw-w64/mingw64/bin/../lib/gcc/x86_64-w64-mingw32/8.1.0/crtend.o] ==> ignore
  remove lib [gcc_eh]
  remove lib [msvcrt]
  remove lib [gcc_eh]
  remove lib [msvcrt]
  collapse library dir [E:/Apps/mingw-w64/mingw64/bin/../lib/gcc/x86_64-w64-mingw32/8.1.0] ==> [E:/Apps/mingw-w64/mingw64/lib/gcc/x86_64-w64-mingw32/8.1.0]
  collapse library dir [E:/Apps/mingw-w64/mingw64/bin/../lib/gcc] ==> [E:/Apps/mingw-w64/mingw64/lib/gcc]
  collapse library dir [E:/Apps/mingw-w64/mingw64/bin/../lib/gcc/x86_64-w64-mingw32/8.1.0/../../../../x86_64-w64-mingw32/lib/../lib] ==> [E:/Apps/mingw-w64/mingw64/x86_64-w64-mingw32/lib]
  collapse library dir [E:/Apps/mingw-w64/mingw64/bin/../lib/gcc/x86_64-w64-mingw32/8.1.0/../../../../lib] ==> [E:/Apps/mingw-w64/mingw64/lib]
  collapse library dir [E:/Apps/mingw-w64/mingw64/bin/../lib/gcc/x86_64-w64-mingw32/8.1.0/../../../../x86_64-w64-mingw32/lib] ==> [E:/Apps/mingw-w64/mingw64/x86_64-w64-mingw32/lib]
  collapse library dir [E:/Apps/mingw-w64/mingw64/bin/../lib/gcc/x86_64-w64-mingw32/8.1.0/../../..] ==> [E:/Apps/mingw-w64/mingw64/lib]
  implicit libs: [mingw32;gcc;moldname;mingwex;pthread;advapi32;shell32;user32;kernel32;iconv;mingw32;gcc;moldname;mingwex]
  implicit dirs: [E:/Apps/mingw-w64/mingw64/lib/gcc/x86_64-w64-mingw32/8.1.0;E:/Apps/mingw-w64/mingw64/lib/gcc;E:/Apps/mingw-w64/mingw64/x86_64-w64-mingw32/lib;E:/Apps/mingw-w64/mingw64/lib]
  implicit fwks: []


Determining if the CXX compiler works passed with the following output:
Change Dir: E:/cpp/Lib/MySQL/CMakeFiles/CMakeTmp

Run Build Command(s):E:/Apps/mingw-w64/mingw64/bin/mingw32-make.exe cmTC_d1bed/fast && E:/Apps/mingw-w64/mingw64/bin/mingw32-make.exe  -f CMakeFiles\cmTC_d1bed.dir\build.make CMakeFiles/cmTC_d1bed.dir/build

mingw32-make.exe[1]: Entering directory 'E:/cpp/Lib/MySQL/CMakeFiles/CMakeTmp'

Building CXX object CMakeFiles/cmTC_d1bed.dir/testCXXCompiler.cxx.obj

E:\Apps\mingw-w64\mingw64\bin\g++.exe     -o CMakeFiles\cmTC_d1bed.dir\testCXXCompiler.cxx.obj -c E:\cpp\Lib\MySQL\CMakeFiles\CMakeTmp\testCXXCompiler.cxx

Linking CXX executable cmTC_d1bed.exe

E:\Apps\CMake\bin\cmake.exe -E cmake_link_script CMakeFiles\cmTC_d1bed.dir\link.txt --verbose=1

E:\Apps\CMake\bin\cmake.exe -E remove -f CMakeFiles\cmTC_d1bed.dir/objects.a
E:\Apps\mingw-w64\mingw64\bin\ar.exe cr CMakeFiles\cmTC_d1bed.dir/objects.a @CMakeFiles\cmTC_d1bed.dir\objects1.rsp
E:\Apps\mingw-w64\mingw64\bin\g++.exe      -Wl,--whole-archive CMakeFiles\cmTC_d1bed.dir/objects.a -Wl,--no-whole-archive  -o cmTC_d1bed.exe -Wl,--out-implib,libcmTC_d1bed.dll.a -Wl,--major-image-version,0,--minor-image-version,0 @CMakeFiles\cmTC_d1bed.dir\linklibs.rsp
mingw32-make.exe[1]: Leaving directory 'E:/cpp/Lib/MySQL/CMakeFiles/CMakeTmp'




Detecting CXX compiler ABI info compiled with the following output:
Change Dir: E:/cpp/Lib/MySQL/CMakeFiles/CMakeTmp

Run Build Command(s):E:/Apps/mingw-w64/mingw64/bin/mingw32-make.exe cmTC_40684/fast && E:/Apps/mingw-w64/mingw64/bin/mingw32-make.exe  -f CMakeFiles\cmTC_40684.dir\build.make CMakeFiles/cmTC_40684.dir/build

mingw32-make.exe[1]: Entering directory 'E:/cpp/Lib/MySQL/CMakeFiles/CMakeTmp'

Building CXX object CMakeFiles/cmTC_40684.dir/CMakeCXXCompilerABI.cpp.obj

E:\Apps\mingw-w64\mingw64\bin\g++.exe    -v -o CMakeFiles\cmTC_40684.dir\CMakeCXXCompilerABI.cpp.obj -c E:\Apps\CMake\share\cmake-3.16\Modules\CMakeCXXCompilerABI.cpp

Using built-in specs.

COLLECT_GCC=E:\Apps\mingw-w64\mingw64\bin\g++.exe

Target: x86_64-w64-mingw32

Configured with: ../../../src/gcc-8.1.0/configure --host=x86_64-w64-mingw32 --build=x86_64-w64-mingw32 --target=x86_64-w64-mingw32 --prefix=/mingw64 --with-sysroot=/c/mingw810/x86_64-810-posix-seh-rt_v6-rev0/mingw64 --enable-shared --enable-static --disable-multilib --enable-languages=c,c++,fortran,lto --enable-libstdcxx-time=yes --enable-threads=posix --enable-libgomp --enable-libatomic --enable-lto --enable-graphite --enable-checking=release --enable-fully-dynamic-string --enable-version-specific-runtime-libs --disable-libstdcxx-pch --disable-libstdcxx-debug --enable-bootstrap --disable-rpath --disable-win32-registry --disable-nls --disable-werror --disable-symvers --with-gnu-as --with-gnu-ld --with-arch=nocona --with-tune=core2 --with-libiconv --with-system-zlib --with-gmp=/c/mingw810/prerequisites/x86_64-w64-mingw32-static --with-mpfr=/c/mingw810/prerequisites/x86_64-w64-mingw32-static --with-mpc=/c/mingw810/prerequisites/x86_64-w64-mingw32-static --with-isl=/c/mingw810/prerequisites/x86_64-w64-mingw32-static --with-pkgversion='x86_64-posix-seh-rev0, Built by MinGW-W64 project' --with-bugurl=https://sourceforge.net/projects/mingw-w64 CFLAGS='-O2 -pipe -fno-ident -I/c/mingw810/x86_64-810-posix-seh-rt_v6-rev0/mingw64/opt/include -I/c/mingw810/prerequisites/x86_64-zlib-static/include -I/c/mingw810/prerequisites/x86_64-w64-mingw32-static/include' CXXFLAGS='-O2 -pipe -fno-ident -I/c/mingw810/x86_64-810-posix-seh-rt_v6-rev0/mingw64/opt/include -I/c/mingw810/prerequisites/x86_64-zlib-static/include -I/c/mingw810/prerequisites/x86_64-w64-mingw32-static/include' CPPFLAGS=' -I/c/mingw810/x86_64-810-posix-seh-rt_v6-rev0/mingw64/opt/include -I/c/mingw810/prerequisites/x86_64-zlib-static/include -I/c/mingw810/prerequisites/x86_64-w64-mingw32-static/include' LDFLAGS='-pipe -fno-ident -L/c/mingw810/x86_64-810-posix-seh-rt_v6-rev0/mingw64/opt/lib -L/c/mingw810/prerequisites/x86_64-zlib-static/lib -L/c/mingw810/prerequisites/x86_64-w64-mingw32-static/lib '

Thread model: posix

gcc version 8.1.0 (x86_64-posix-seh-rev0, Built by MinGW-W64 project) 

COLLECT_GCC_OPTIONS='-v' '-o' 'CMakeFiles\cmTC_40684.dir\CMakeCXXCompilerABI.cpp.obj' '-c' '-shared-libgcc' '-mtune=core2' '-march=nocona'

 E:/Apps/mingw-w64/mingw64/bin/../libexec/gcc/x86_64-w64-mingw32/8.1.0/cc1plus.exe -quiet -v -iprefix E:/Apps/mingw-w64/mingw64/bin/../lib/gcc/x86_64-w64-mingw32/8.1.0/ -D_REENTRANT E:\Apps\CMake\share\cmake-3.16\Modules\CMakeCXXCompilerABI.cpp -quiet -dumpbase CMakeCXXCompilerABI.cpp -mtune=core2 -march=nocona -auxbase-strip CMakeFiles\cmTC_40684.dir\CMakeCXXCompilerABI.cpp.obj -version -o C:\Users\jvines\AppData\Local\Tmp\ccaQ1Bdp.s

GNU C++14 (x86_64-posix-seh-rev0, Built by MinGW-W64 project) version 8.1.0 (x86_64-w64-mingw32)

	compiled by GNU C version 8.1.0, GMP version 6.1.2, MPFR version 4.0.1, MPC version 1.1.0, isl version isl-0.18-GMP



GGC heuristics: --param ggc-min-expand=100 --param ggc-min-heapsize=131072

ignoring duplicate directory "E:/Apps/mingw-w64/mingw64/lib/gcc/../../lib/gcc/x86_64-w64-mingw32/8.1.0/include/c++"

ignoring duplicate directory "E:/Apps/mingw-w64/mingw64/lib/gcc/../../lib/gcc/x86_64-w64-mingw32/8.1.0/include/c++/x86_64-w64-mingw32"

ignoring duplicate directory "E:/Apps/mingw-w64/mingw64/lib/gcc/../../lib/gcc/x86_64-w64-mingw32/8.1.0/include/c++/backward"

ignoring duplicate directory "E:/Apps/mingw-w64/mingw64/lib/gcc/../../lib/gcc/x86_64-w64-mingw32/8.1.0/include"

ignoring nonexistent directory "C:/mingw810/x86_64-810-posix-seh-rt_v6-rev0/mingw64C:/msys64/mingw64/lib/gcc/x86_64-w64-mingw32/8.1.0/../../../../include"

ignoring duplicate directory "E:/Apps/mingw-w64/mingw64/lib/gcc/../../lib/gcc/x86_64-w64-mingw32/8.1.0/include-fixed"

ignoring duplicate directory "E:/Apps/mingw-w64/mingw64/lib/gcc/../../lib/gcc/x86_64-w64-mingw32/8.1.0/../../../../x86_64-w64-mingw32/include"

ignoring nonexistent directory "C:/mingw810/x86_64-810-posix-seh-rt_v6-rev0/mingw64/mingw/include"

#include "..." search starts here:

#include <...> search starts here:

 E:/Apps/mingw-w64/mingw64/bin/../lib/gcc/x86_64-w64-mingw32/8.1.0/include/c++

 E:/Apps/mingw-w64/mingw64/bin/../lib/gcc/x86_64-w64-mingw32/8.1.0/include/c++/x86_64-w64-mingw32

 E:/Apps/mingw-w64/mingw64/bin/../lib/gcc/x86_64-w64-mingw32/8.1.0/include/c++/backward

 E:/Apps/mingw-w64/mingw64/bin/../lib/gcc/x86_64-w64-mingw32/8.1.0/include

 E:/Apps/mingw-w64/mingw64/bin/../lib/gcc/x86_64-w64-mingw32/8.1.0/include-fixed

 E:/Apps/mingw-w64/mingw64/bin/../lib/gcc/x86_64-w64-mingw32/8.1.0/../../../../x86_64-w64-mingw32/include

End of search list.

GNU C++14 (x86_64-posix-seh-rev0, Built by MinGW-W64 project) version 8.1.0 (x86_64-w64-mingw32)

	compiled by GNU C version 8.1.0, GMP version 6.1.2, MPFR version 4.0.1, MPC version 1.1.0, isl version isl-0.18-GMP



GGC heuristics: --param ggc-min-expand=100 --param ggc-min-heapsize=131072

Compiler executable checksum: 82f0c9785fd37a38ba7b7f8357369a82

COLLECT_GCC_OPTIONS='-v' '-o' 'CMakeFiles\cmTC_40684.dir\CMakeCXXCompilerABI.cpp.obj' '-c' '-shared-libgcc' '-mtune=core2' '-march=nocona'

 E:/Apps/mingw-w64/mingw64/bin/../lib/gcc/x86_64-w64-mingw32/8.1.0/../../../../x86_64-w64-mingw32/bin/as.exe -v -o CMakeFiles\cmTC_40684.dir\CMakeCXXCompilerABI.cpp.obj C:\Users\jvines\AppData\Local\Tmp\ccaQ1Bdp.s

GNU assembler version 2.30 (x86_64-w64-mingw32) using BFD version (GNU Binutils) 2.30

COMPILER_PATH=E:/Apps/mingw-w64/mingw64/bin/../libexec/gcc/x86_64-w64-mingw32/8.1.0/;E:/Apps/mingw-w64/mingw64/bin/../libexec/gcc/;E:/Apps/mingw-w64/mingw64/bin/../lib/gcc/x86_64-w64-mingw32/8.1.0/../../../../x86_64-w64-mingw32/bin/

LIBRARY_PATH=E:/Apps/mingw-w64/mingw64/bin/../lib/gcc/x86_64-w64-mingw32/8.1.0/;E:/Apps/mingw-w64/mingw64/bin/../lib/gcc/;E:/Apps/mingw-w64/mingw64/bin/../lib/gcc/x86_64-w64-mingw32/8.1.0/../../../../x86_64-w64-mingw32/lib/../lib/;E:/Apps/mingw-w64/mingw64/bin/../lib/gcc/x86_64-w64-mingw32/8.1.0/../../../../lib/;E:/Apps/mingw-w64/mingw64/bin/../lib/gcc/x86_64-w64-mingw32/8.1.0/../../../../x86_64-w64-mingw32/lib/;E:/Apps/mingw-w64/mingw64/bin/../lib/gcc/x86_64-w64-mingw32/8.1.0/../../../

COLLECT_GCC_OPTIONS='-v' '-o' 'CMakeFiles\cmTC_40684.dir\CMakeCXXCompilerABI.cpp.obj' '-c' '-shared-libgcc' '-mtune=core2' '-march=nocona'

Linking CXX executable cmTC_40684.exe

E:\Apps\CMake\bin\cmake.exe -E cmake_link_script CMakeFiles\cmTC_40684.dir\link.txt --verbose=1

E:\Apps\CMake\bin\cmake.exe -E remove -f CMakeFiles\cmTC_40684.dir/objects.a
E:\Apps\mingw-w64\mingw64\bin\ar.exe cr CMakeFiles\cmTC_40684.dir/objects.a @CMakeFiles\cmTC_40684.dir\objects1.rsp
E:\Apps\mingw-w64\mingw64\bin\g++.exe     -v -Wl,--whole-archive CMakeFiles\cmTC_40684.dir/objects.a -Wl,--no-whole-archive  -o cmTC_40684.exe -Wl,--out-implib,libcmTC_40684.dll.a -Wl,--major-image-version,0,--minor-image-version,0 
Using built-in specs.

COLLECT_GCC=E:\Apps\mingw-w64\mingw64\bin\g++.exe

COLLECT_LTO_WRAPPER=E:/Apps/mingw-w64/mingw64/bin/../libexec/gcc/x86_64-w64-mingw32/8.1.0/lto-wrapper.exe

Target: x86_64-w64-mingw32

Configured with: ../../../src/gcc-8.1.0/configure --host=x86_64-w64-mingw32 --build=x86_64-w64-mingw32 --target=x86_64-w64-mingw32 --prefix=/mingw64 --with-sysroot=/c/mingw810/x86_64-810-posix-seh-rt_v6-rev0/mingw64 --enable-shared --enable-static --disable-multilib --enable-languages=c,c++,fortran,lto --enable-libstdcxx-time=yes --enable-threads=posix --enable-libgomp --enable-libatomic --enable-lto --enable-graphite --enable-checking=release --enable-fully-dynamic-string --enable-version-specific-runtime-libs --disable-libstdcxx-pch --disable-libstdcxx-debug --enable-bootstrap --disable-rpath --disable-win32-registry --disable-nls --disable-werror --disable-symvers --with-gnu-as --with-gnu-ld --with-arch=nocona --with-tune=core2 --with-libiconv --with-system-zlib --with-gmp=/c/mingw810/prerequisites/x86_64-w64-mingw32-static --with-mpfr=/c/mingw810/prerequisites/x86_64-w64-mingw32-static --with-mpc=/c/mingw810/prerequisites/x86_64-w64-mingw32-static --with-isl=/c/mingw810/prerequisites/x86_64-w64-mingw32-static --with-pkgversion='x86_64-posix-seh-rev0, Built by MinGW-W64 project' --with-bugurl=https://sourceforge.net/projects/mingw-w64 CFLAGS='-O2 -pipe -fno-ident -I/c/mingw810/x86_64-810-posix-seh-rt_v6-rev0/mingw64/opt/include -I/c/mingw810/prerequisites/x86_64-zlib-static/include -I/c/mingw810/prerequisites/x86_64-w64-mingw32-static/include' CXXFLAGS='-O2 -pipe -fno-ident -I/c/mingw810/x86_64-810-posix-seh-rt_v6-rev0/mingw64/opt/include -I/c/mingw810/prerequisites/x86_64-zlib-static/include -I/c/mingw810/prerequisites/x86_64-w64-mingw32-static/include' CPPFLAGS=' -I/c/mingw810/x86_64-810-posix-seh-rt_v6-rev0/mingw64/opt/include -I/c/mingw810/prerequisites/x86_64-zlib-static/include -I/c/mingw810/prerequisites/x86_64-w64-mingw32-static/include' LDFLAGS='-pipe -fno-ident -L/c/mingw810/x86_64-810-posix-seh-rt_v6-rev0/mingw64/opt/lib -L/c/mingw810/prerequisites/x86_64-zlib-static/lib -L/c/mingw810/prerequisites/x86_64-w64-mingw32-static/lib '

Thread model: posix

gcc version 8.1.0 (x86_64-posix-seh-rev0, Built by MinGW-W64 project) 

COMPILER_PATH=E:/Apps/mingw-w64/mingw64/bin/../libexec/gcc/x86_64-w64-mingw32/8.1.0/;E:/Apps/mingw-w64/mingw64/bin/../libexec/gcc/;E:/Apps/mingw-w64/mingw64/bin/../lib/gcc/x86_64-w64-mingw32/8.1.0/../../../../x86_64-w64-mingw32/bin/

LIBRARY_PATH=E:/Apps/mingw-w64/mingw64/bin/../lib/gcc/x86_64-w64-mingw32/8.1.0/;E:/Apps/mingw-w64/mingw64/bin/../lib/gcc/;E:/Apps/mingw-w64/mingw64/bin/../lib/gcc/x86_64-w64-mingw32/8.1.0/../../../../x86_64-w64-mingw32/lib/../lib/;E:/Apps/mingw-w64/mingw64/bin/../lib/gcc/x86_64-w64-mingw32/8.1.0/../../../../lib/;E:/Apps/mingw-w64/mingw64/bin/../lib/gcc/x86_64-w64-mingw32/8.1.0/../../../../x86_64-w64-mingw32/lib/;E:/Apps/mingw-w64/mingw64/bin/../lib/gcc/x86_64-w64-mingw32/8.1.0/../../../

COLLECT_GCC_OPTIONS='-v' '-o' 'cmTC_40684.exe' '-shared-libgcc' '-mtune=core2' '-march=nocona'

 E:/Apps/mingw-w64/mingw64/bin/../libexec/gcc/x86_64-w64-mingw32/8.1.0/collect2.exe -plugin E:/Apps/mingw-w64/mingw64/bin/../libexec/gcc/x86_64-w64-mingw32/8.1.0/liblto_plugin-0.dll -plugin-opt=E:/Apps/mingw-w64/mingw64/bin/../libexec/gcc/x86_64-w64-mingw32/8.1.0/lto-wrapper.exe -plugin-opt=-fresolution=C:\Users\jvines\AppData\Local\Tmp\cc40tdUD.res -plugin-opt=-pass-through=-lmingw32 -plugin-opt=-pass-through=-lgcc_s -plugin-opt=-pass-through=-lgcc -plugin-opt=-pass-through=-lmoldname -plugin-opt=-pass-through=-lmingwex -plugin-opt=-pass-through=-lmsvcrt -plugin-opt=-pass-through=-lpthread -plugin-opt=-pass-through=-ladvapi32 -plugin-opt=-pass-through=-lshell32 -plugin-opt=-pass-through=-luser32 -plugin-opt=-pass-through=-lkernel32 -plugin-opt=-pass-through=-liconv -plugin-opt=-pass-through=-lmingw32 -plugin-opt=-pass-through=-lgcc_s -plugin-opt=-pass-through=-lgcc -plugin-opt=-pass-through=-lmoldname -plugin-opt=-pass-through=-lmingwex -plugin-opt=-pass-through=-lmsvcrt --sysroot=C:/mingw810/x86_64-810-posix-seh-rt_v6-rev0/mingw64 -m i386pep -Bdynamic -o cmTC_40684.exe E:/Apps/mingw-w64/mingw64/bin/../lib/gcc/x86_64-w64-mingw32/8.1.0/../../../../x86_64-w64-mingw32/lib/../lib/crt2.o E:/Apps/mingw-w64/mingw64/bin/../lib/gcc/x86_64-w64-mingw32/8.1.0/crtbegin.o -LE:/Apps/mingw-w64/mingw64/bin/../lib/gcc/x86_64-w64-mingw32/8.1.0 -LE:/Apps/mingw-w64/mingw64/bin/../lib/gcc -LE:/Apps/mingw-w64/mingw64/bin/../lib/gcc/x86_64-w64-mingw32/8.1.0/../../../../x86_64-w64-mingw32/lib/../lib -LE:/Apps/mingw-w64/mingw64/bin/../lib/gcc/x86_64-w64-mingw32/8.1.0/../../../../lib -LE:/Apps/mingw-w64/mingw64/bin/../lib/gcc/x86_64-w64-mingw32/8.1.0/../../../../x86_64-w64-mingw32/lib -LE:/Apps/mingw-w64/mingw64/bin/../lib/gcc/x86_64-w64-mingw32/8.1.0/../../.. --whole-archive CMakeFiles\cmTC_40684.dir/objects.a --no-whole-archive --out-implib libcmTC_40684.dll.a --major-image-version 0 --minor-image-version 0 -lstdc++ -lmingw32 -lgcc_s -lgcc -lmoldname -lmingwex -lmsvcrt -lpthread -ladvapi32 -lshell32 -luser32 -lkernel32 -liconv -lmingw32 -lgcc_s -lgcc -lmoldname -lmingwex -lmsvcrt E:/Apps/mingw-w64/mingw64/bin/../lib/gcc/x86_64-w64-mingw32/8.1.0/crtend.o

COLLECT_GCC_OPTIONS='-v' '-o' 'cmTC_40684.exe' '-shared-libgcc' '-mtune=core2' '-march=nocona'

mingw32-make.exe[1]: Leaving directory 'E:/cpp/Lib/MySQL/CMakeFiles/CMakeTmp'




Parsed CXX implicit include dir info from above output: rv=done
  found start of include info
  found start of implicit include info
    add: [E:/Apps/mingw-w64/mingw64/bin/../lib/gcc/x86_64-w64-mingw32/8.1.0/include/c++]
    add: [E:/Apps/mingw-w64/mingw64/bin/../lib/gcc/x86_64-w64-mingw32/8.1.0/include/c++/x86_64-w64-mingw32]
    add: [E:/Apps/mingw-w64/mingw64/bin/../lib/gcc/x86_64-w64-mingw32/8.1.0/include/c++/backward]
    add: [E:/Apps/mingw-w64/mingw64/bin/../lib/gcc/x86_64-w64-mingw32/8.1.0/include]
    add: [E:/Apps/mingw-w64/mingw64/bin/../lib/gcc/x86_64-w64-mingw32/8.1.0/include-fixed]
    add: [E:/Apps/mingw-w64/mingw64/bin/../lib/gcc/x86_64-w64-mingw32/8.1.0/../../../../x86_64-w64-mingw32/include]
  end of search list found
  collapse include dir [E:/Apps/mingw-w64/mingw64/bin/../lib/gcc/x86_64-w64-mingw32/8.1.0/include/c++] ==> [E:/Apps/mingw-w64/mingw64/lib/gcc/x86_64-w64-mingw32/8.1.0/include/c++]
  collapse include dir [E:/Apps/mingw-w64/mingw64/bin/../lib/gcc/x86_64-w64-mingw32/8.1.0/include/c++/x86_64-w64-mingw32] ==> [E:/Apps/mingw-w64/mingw64/lib/gcc/x86_64-w64-mingw32/8.1.0/include/c++/x86_64-w64-mingw32]
  collapse include dir [E:/Apps/mingw-w64/mingw64/bin/../lib/gcc/x86_64-w64-mingw32/8.1.0/include/c++/backward] ==> [E:/Apps/mingw-w64/mingw64/lib/gcc/x86_64-w64-mingw32/8.1.0/include/c++/backward]
  collapse include dir [E:/Apps/mingw-w64/mingw64/bin/../lib/gcc/x86_64-w64-mingw32/8.1.0/include] ==> [E:/Apps/mingw-w64/mingw64/lib/gcc/x86_64-w64-mingw32/8.1.0/include]
  collapse include dir [E:/Apps/mingw-w64/mingw64/bin/../lib/gcc/x86_64-w64-mingw32/8.1.0/include-fixed] ==> [E:/Apps/mingw-w64/mingw64/lib/gcc/x86_64-w64-mingw32/8.1.0/include-fixed]
  collapse include dir [E:/Apps/mingw-w64/mingw64/bin/../lib/gcc/x86_64-w64-mingw32/8.1.0/../../../../x86_64-w64-mingw32/include] ==> [E:/Apps/mingw-w64/mingw64/x86_64-w64-mingw32/include]
  implicit include dirs: [E:/Apps/mingw-w64/mingw64/lib/gcc/x86_64-w64-mingw32/8.1.0/include/c++;E:/Apps/mingw-w64/mingw64/lib/gcc/x86_64-w64-mingw32/8.1.0/include/c++/x86_64-w64-mingw32;E:/Apps/mingw-w64/mingw64/lib/gcc/x86_64-w64-mingw32/8.1.0/include/c++/backward;E:/Apps/mingw-w64/mingw64/lib/gcc/x86_64-w64-mingw32/8.1.0/include;E:/Apps/mingw-w64/mingw64/lib/gcc/x86_64-w64-mingw32/8.1.0/include-fixed;E:/Apps/mingw-w64/mingw64/x86_64-w64-mingw32/include]


Parsed CXX implicit link information from above output:
  link line regex: [^( *|.*[/\])(ld\.exe|CMAKE_LINK_STARTFILE-NOTFOUND|([^/\]+-)?ld|collect2)[^/\]*( |$)]
  ignore line: [Change Dir: E:/cpp/Lib/MySQL/CMakeFiles/CMakeTmp]
  ignore line: []
  ignore line: [Run Build Command(s):E:/Apps/mingw-w64/mingw64/bin/mingw32-make.exe cmTC_40684/fast && E:/Apps/mingw-w64/mingw64/bin/mingw32-make.exe  -f CMakeFiles\cmTC_40684.dir\build.make CMakeFiles/cmTC_40684.dir/build]
  ignore line: [mingw32-make.exe[1]: Entering directory 'E:/cpp/Lib/MySQL/CMakeFiles/CMakeTmp']
  ignore line: [Building CXX object CMakeFiles/cmTC_40684.dir/CMakeCXXCompilerABI.cpp.obj]
  ignore line: [E:\Apps\mingw-w64\mingw64\bin\g++.exe    -v -o CMakeFiles\cmTC_40684.dir\CMakeCXXCompilerABI.cpp.obj -c E:\Apps\CMake\share\cmake-3.16\Modules\CMakeCXXCompilerABI.cpp]
  ignore line: [Using built-in specs.]
  ignore line: [COLLECT_GCC=E:\Apps\mingw-w64\mingw64\bin\g++.exe]
  ignore line: [Target: x86_64-w64-mingw32]
  ignore line: [Configured with: ../../../src/gcc-8.1.0/configure --host=x86_64-w64-mingw32 --build=x86_64-w64-mingw32 --target=x86_64-w64-mingw32 --prefix=/mingw64 --with-sysroot=/c/mingw810/x86_64-810-posix-seh-rt_v6-rev0/mingw64 --enable-shared --enable-static --disable-multilib --enable-languages=c,c++,fortran,lto --enable-libstdcxx-time=yes --enable-threads=posix --enable-libgomp --enable-libatomic --enable-lto --enable-graphite --enable-checking=release --enable-fully-dynamic-string --enable-version-specific-runtime-libs --disable-libstdcxx-pch --disable-libstdcxx-debug --enable-bootstrap --disable-rpath --disable-win32-registry --disable-nls --disable-werror --disable-symvers --with-gnu-as --with-gnu-ld --with-arch=nocona --with-tune=core2 --with-libiconv --with-system-zlib --with-gmp=/c/mingw810/prerequisites/x86_64-w64-mingw32-static --with-mpfr=/c/mingw810/prerequisites/x86_64-w64-mingw32-static --with-mpc=/c/mingw810/prerequisites/x86_64-w64-mingw32-static --with-isl=/c/mingw810/prerequisites/x86_64-w64-mingw32-static --with-pkgversion='x86_64-posix-seh-rev0, Built by MinGW-W64 project' --with-bugurl=https://sourceforge.net/projects/mingw-w64 CFLAGS='-O2 -pipe -fno-ident -I/c/mingw810/x86_64-810-posix-seh-rt_v6-rev0/mingw64/opt/include -I/c/mingw810/prerequisites/x86_64-zlib-static/include -I/c/mingw810/prerequisites/x86_64-w64-mingw32-static/include' CXXFLAGS='-O2 -pipe -fno-ident -I/c/mingw810/x86_64-810-posix-seh-rt_v6-rev0/mingw64/opt/include -I/c/mingw810/prerequisites/x86_64-zlib-static/include -I/c/mingw810/prerequisites/x86_64-w64-mingw32-static/include' CPPFLAGS=' -I/c/mingw810/x86_64-810-posix-seh-rt_v6-rev0/mingw64/opt/include -I/c/mingw810/prerequisites/x86_64-zlib-static/include -I/c/mingw810/prerequisites/x86_64-w64-mingw32-static/include' LDFLAGS='-pipe -fno-ident -L/c/mingw810/x86_64-810-posix-seh-rt_v6-rev0/mingw64/opt/lib -L/c/mingw810/prerequisites/x86_64-zlib-static/lib -L/c/mingw810/prerequisites/x86_64-w64-mingw32-static/lib ']
  ignore line: [Thread model: posix]
  ignore line: [gcc version 8.1.0 (x86_64-posix-seh-rev0  Built by MinGW-W64 project) ]
  ignore line: [COLLECT_GCC_OPTIONS='-v' '-o' 'CMakeFiles\cmTC_40684.dir\CMakeCXXCompilerABI.cpp.obj' '-c' '-shared-libgcc' '-mtune=core2' '-march=nocona']
  ignore line: [ E:/Apps/mingw-w64/mingw64/bin/../libexec/gcc/x86_64-w64-mingw32/8.1.0/cc1plus.exe -quiet -v -iprefix E:/Apps/mingw-w64/mingw64/bin/../lib/gcc/x86_64-w64-mingw32/8.1.0/ -D_REENTRANT E:\Apps\CMake\share\cmake-3.16\Modules\CMakeCXXCompilerABI.cpp -quiet -dumpbase CMakeCXXCompilerABI.cpp -mtune=core2 -march=nocona -auxbase-strip CMakeFiles\cmTC_40684.dir\CMakeCXXCompilerABI.cpp.obj -version -o C:\Users\jvines\AppData\Local\Tmp\ccaQ1Bdp.s]
  ignore line: [GNU C++14 (x86_64-posix-seh-rev0  Built by MinGW-W64 project) version 8.1.0 (x86_64-w64-mingw32)]
  ignore line: [	compiled by GNU C version 8.1.0  GMP version 6.1.2  MPFR version 4.0.1  MPC version 1.1.0  isl version isl-0.18-GMP]
  ignore line: []
  ignore line: [GGC heuristics: --param ggc-min-expand=100 --param ggc-min-heapsize=131072]
  ignore line: [ignoring duplicate directory "E:/Apps/mingw-w64/mingw64/lib/gcc/../../lib/gcc/x86_64-w64-mingw32/8.1.0/include/c++"]
  ignore line: [ignoring duplicate directory "E:/Apps/mingw-w64/mingw64/lib/gcc/../../lib/gcc/x86_64-w64-mingw32/8.1.0/include/c++/x86_64-w64-mingw32"]
  ignore line: [ignoring duplicate directory "E:/Apps/mingw-w64/mingw64/lib/gcc/../../lib/gcc/x86_64-w64-mingw32/8.1.0/include/c++/backward"]
  ignore line: [ignoring duplicate directory "E:/Apps/mingw-w64/mingw64/lib/gcc/../../lib/gcc/x86_64-w64-mingw32/8.1.0/include"]
  ignore line: [ignoring nonexistent directory "C:/mingw810/x86_64-810-posix-seh-rt_v6-rev0/mingw64C:/msys64/mingw64/lib/gcc/x86_64-w64-mingw32/8.1.0/../../../../include"]
  ignore line: [ignoring duplicate directory "E:/Apps/mingw-w64/mingw64/lib/gcc/../../lib/gcc/x86_64-w64-mingw32/8.1.0/include-fixed"]
  ignore line: [ignoring duplicate directory "E:/Apps/mingw-w64/mingw64/lib/gcc/../../lib/gcc/x86_64-w64-mingw32/8.1.0/../../../../x86_64-w64-mingw32/include"]
  ignore line: [ignoring nonexistent directory "C:/mingw810/x86_64-810-posix-seh-rt_v6-rev0/mingw64/mingw/include"]
  ignore line: [#include "..." search starts here:]
  ignore line: [#include <...> search starts here:]
  ignore line: [ E:/Apps/mingw-w64/mingw64/bin/../lib/gcc/x86_64-w64-mingw32/8.1.0/include/c++]
  ignore line: [ E:/Apps/mingw-w64/mingw64/bin/../lib/gcc/x86_64-w64-mingw32/8.1.0/include/c++/x86_64-w64-mingw32]
  ignore line: [ E:/Apps/mingw-w64/mingw64/bin/../lib/gcc/x86_64-w64-mingw32/8.1.0/include/c++/backward]
  ignore line: [ E:/Apps/mingw-w64/mingw64/bin/../lib/gcc/x86_64-w64-mingw32/8.1.0/include]
  ignore line: [ E:/Apps/mingw-w64/mingw64/bin/../lib/gcc/x86_64-w64-mingw32/8.1.0/include-fixed]
  ignore line: [ E:/Apps/mingw-w64/mingw64/bin/../lib/gcc/x86_64-w64-mingw32/8.1.0/../../../../x86_64-w64-mingw32/include]
  ignore line: [End of search list.]
  ignore line: [GNU C++14 (x86_64-posix-seh-rev0  Built by MinGW-W64 project) version 8.1.0 (x86_64-w64-mingw32)]
  ignore line: [	compiled by GNU C version 8.1.0  GMP version 6.1.2  MPFR version 4.0.1  MPC version 1.1.0  isl version isl-0.18-GMP]
  ignore line: []
  ignore line: [GGC heuristics: --param ggc-min-expand=100 --param ggc-min-heapsize=131072]
  ignore line: [Compiler executable checksum: 82f0c9785fd37a38ba7b7f8357369a82]
  ignore line: [COLLECT_GCC_OPTIONS='-v' '-o' 'CMakeFiles\cmTC_40684.dir\CMakeCXXCompilerABI.cpp.obj' '-c' '-shared-libgcc' '-mtune=core2' '-march=nocona']
  ignore line: [ E:/Apps/mingw-w64/mingw64/bin/../lib/gcc/x86_64-w64-mingw32/8.1.0/../../../../x86_64-w64-mingw32/bin/as.exe -v -o CMakeFiles\cmTC_40684.dir\CMakeCXXCompilerABI.cpp.obj C:\Users\jvines\AppData\Local\Tmp\ccaQ1Bdp.s]
  ignore line: [GNU assembler version 2.30 (x86_64-w64-mingw32) using BFD version (GNU Binutils) 2.30]
  ignore line: [COMPILER_PATH=E:/Apps/mingw-w64/mingw64/bin/../libexec/gcc/x86_64-w64-mingw32/8.1.0/]
  ignore line: [E:/Apps/mingw-w64/mingw64/bin/../libexec/gcc/]
  ignore line: [E:/Apps/mingw-w64/mingw64/bin/../lib/gcc/x86_64-w64-mingw32/8.1.0/../../../../x86_64-w64-mingw32/bin/]
  ignore line: [LIBRARY_PATH=E:/Apps/mingw-w64/mingw64/bin/../lib/gcc/x86_64-w64-mingw32/8.1.0/]
  ignore line: [E:/Apps/mingw-w64/mingw64/bin/../lib/gcc/]
  ignore line: [E:/Apps/mingw-w64/mingw64/bin/../lib/gcc/x86_64-w64-mingw32/8.1.0/../../../../x86_64-w64-mingw32/lib/../lib/]
  ignore line: [E:/Apps/mingw-w64/mingw64/bin/../lib/gcc/x86_64-w64-mingw32/8.1.0/../../../../lib/]
  ignore line: [E:/Apps/mingw-w64/mingw64/bin/../lib/gcc/x86_64-w64-mingw32/8.1.0/../../../../x86_64-w64-mingw32/lib/]
  ignore line: [E:/Apps/mingw-w64/mingw64/bin/../lib/gcc/x86_64-w64-mingw32/8.1.0/../../../]
  ignore line: [COLLECT_GCC_OPTIONS='-v' '-o' 'CMakeFiles\cmTC_40684.dir\CMakeCXXCompilerABI.cpp.obj' '-c' '-shared-libgcc' '-mtune=core2' '-march=nocona']
  ignore line: [Linking CXX executable cmTC_40684.exe]
  ignore line: [E:\Apps\CMake\bin\cmake.exe -E cmake_link_script CMakeFiles\cmTC_40684.dir\link.txt --verbose=1]
  ignore line: [E:\Apps\CMake\bin\cmake.exe -E remove -f CMakeFiles\cmTC_40684.dir/objects.a]
  ignore line: [E:\Apps\mingw-w64\mingw64\bin\ar.exe cr CMakeFiles\cmTC_40684.dir/objects.a @CMakeFiles\cmTC_40684.dir\objects1.rsp]
  ignore line: [E:\Apps\mingw-w64\mingw64\bin\g++.exe     -v -Wl --whole-archive CMakeFiles\cmTC_40684.dir/objects.a -Wl --no-whole-archive  -o cmTC_40684.exe -Wl --out-implib libcmTC_40684.dll.a -Wl --major-image-version 0 --minor-image-version 0 ]
  ignore line: [Using built-in specs.]
  ignore line: [COLLECT_GCC=E:\Apps\mingw-w64\mingw64\bin\g++.exe]
  ignore line: [COLLECT_LTO_WRAPPER=E:/Apps/mingw-w64/mingw64/bin/../libexec/gcc/x86_64-w64-mingw32/8.1.0/lto-wrapper.exe]
  ignore line: [Target: x86_64-w64-mingw32]
  ignore line: [Configured with: ../../../src/gcc-8.1.0/configure --host=x86_64-w64-mingw32 --build=x86_64-w64-mingw32 --target=x86_64-w64-mingw32 --prefix=/mingw64 --with-sysroot=/c/mingw810/x86_64-810-posix-seh-rt_v6-rev0/mingw64 --enable-shared --enable-static --disable-multilib --enable-languages=c,c++,fortran,lto --enable-libstdcxx-time=yes --enable-threads=posix --enable-libgomp --enable-libatomic --enable-lto --enable-graphite --enable-checking=release --enable-fully-dynamic-string --enable-version-specific-runtime-libs --disable-libstdcxx-pch --disable-libstdcxx-debug --enable-bootstrap --disable-rpath --disable-win32-registry --disable-nls --disable-werror --disable-symvers --with-gnu-as --with-gnu-ld --with-arch=nocona --with-tune=core2 --with-libiconv --with-system-zlib --with-gmp=/c/mingw810/prerequisites/x86_64-w64-mingw32-static --with-mpfr=/c/mingw810/prerequisites/x86_64-w64-mingw32-static --with-mpc=/c/mingw810/prerequisites/x86_64-w64-mingw32-static --with-isl=/c/mingw810/prerequisites/x86_64-w64-mingw32-static --with-pkgversion='x86_64-posix-seh-rev0, Built by MinGW-W64 project' --with-bugurl=https://sourceforge.net/projects/mingw-w64 CFLAGS='-O2 -pipe -fno-ident -I/c/mingw810/x86_64-810-posix-seh-rt_v6-rev0/mingw64/opt/include -I/c/mingw810/prerequisites/x86_64-zlib-static/include -I/c/mingw810/prerequisites/x86_64-w64-mingw32-static/include' CXXFLAGS='-O2 -pipe -fno-ident -I/c/mingw810/x86_64-810-posix-seh-rt_v6-rev0/mingw64/opt/include -I/c/mingw810/prerequisites/x86_64-zlib-static/include -I/c/mingw810/prerequisites/x86_64-w64-mingw32-static/include' CPPFLAGS=' -I/c/mingw810/x86_64-810-posix-seh-rt_v6-rev0/mingw64/opt/include -I/c/mingw810/prerequisites/x86_64-zlib-static/include -I/c/mingw810/prerequisites/x86_64-w64-mingw32-static/include' LDFLAGS='-pipe -fno-ident -L/c/mingw810/x86_64-810-posix-seh-rt_v6-rev0/mingw64/opt/lib -L/c/mingw810/prerequisites/x86_64-zlib-static/lib -L/c/mingw810/prerequisites/x86_64-w64-mingw32-static/lib ']
  ignore line: [Thread model: posix]
  ignore line: [gcc version 8.1.0 (x86_64-posix-seh-rev0  Built by MinGW-W64 project) ]
  ignore line: [COMPILER_PATH=E:/Apps/mingw-w64/mingw64/bin/../libexec/gcc/x86_64-w64-mingw32/8.1.0/]
  ignore line: [E:/Apps/mingw-w64/mingw64/bin/../libexec/gcc/]
  ignore line: [E:/Apps/mingw-w64/mingw64/bin/../lib/gcc/x86_64-w64-mingw32/8.1.0/../../../../x86_64-w64-mingw32/bin/]
  ignore line: [LIBRARY_PATH=E:/Apps/mingw-w64/mingw64/bin/../lib/gcc/x86_64-w64-mingw32/8.1.0/]
  ignore line: [E:/Apps/mingw-w64/mingw64/bin/../lib/gcc/]
  ignore line: [E:/Apps/mingw-w64/mingw64/bin/../lib/gcc/x86_64-w64-mingw32/8.1.0/../../../../x86_64-w64-mingw32/lib/../lib/]
  ignore line: [E:/Apps/mingw-w64/mingw64/bin/../lib/gcc/x86_64-w64-mingw32/8.1.0/../../../../lib/]
  ignore line: [E:/Apps/mingw-w64/mingw64/bin/../lib/gcc/x86_64-w64-mingw32/8.1.0/../../../../x86_64-w64-mingw32/lib/]
  ignore line: [E:/Apps/mingw-w64/mingw64/bin/../lib/gcc/x86_64-w64-mingw32/8.1.0/../../../]
  ignore line: [COLLECT_GCC_OPTIONS='-v' '-o' 'cmTC_40684.exe' '-shared-libgcc' '-mtune=core2' '-march=nocona']
  link line: [ E:/Apps/mingw-w64/mingw64/bin/../libexec/gcc/x86_64-w64-mingw32/8.1.0/collect2.exe -plugin E:/Apps/mingw-w64/mingw64/bin/../libexec/gcc/x86_64-w64-mingw32/8.1.0/liblto_plugin-0.dll -plugin-opt=E:/Apps/mingw-w64/mingw64/bin/../libexec/gcc/x86_64-w64-mingw32/8.1.0/lto-wrapper.exe -plugin-opt=-fresolution=C:\Users\jvines\AppData\Local\Tmp\cc40tdUD.res -plugin-opt=-pass-through=-lmingw32 -plugin-opt=-pass-through=-lgcc_s -plugin-opt=-pass-through=-lgcc -plugin-opt=-pass-through=-lmoldname -plugin-opt=-pass-through=-lmingwex -plugin-opt=-pass-through=-lmsvcrt -plugin-opt=-pass-through=-lpthread -plugin-opt=-pass-through=-ladvapi32 -plugin-opt=-pass-through=-lshell32 -plugin-opt=-pass-through=-luser32 -plugin-opt=-pass-through=-lkernel32 -plugin-opt=-pass-through=-liconv -plugin-opt=-pass-through=-lmingw32 -plugin-opt=-pass-through=-lgcc_s -plugin-opt=-pass-through=-lgcc -plugin-opt=-pass-through=-lmoldname -plugin-opt=-pass-through=-lmingwex -plugin-opt=-pass-through=-lmsvcrt --sysroot=C:/mingw810/x86_64-810-posix-seh-rt_v6-rev0/mingw64 -m i386pep -Bdynamic -o cmTC_40684.exe E:/Apps/mingw-w64/mingw64/bin/../lib/gcc/x86_64-w64-mingw32/8.1.0/../../../../x86_64-w64-mingw32/lib/../lib/crt2.o E:/Apps/mingw-w64/mingw64/bin/../lib/gcc/x86_64-w64-mingw32/8.1.0/crtbegin.o -LE:/Apps/mingw-w64/mingw64/bin/../lib/gcc/x86_64-w64-mingw32/8.1.0 -LE:/Apps/mingw-w64/mingw64/bin/../lib/gcc -LE:/Apps/mingw-w64/mingw64/bin/../lib/gcc/x86_64-w64-mingw32/8.1.0/../../../../x86_64-w64-mingw32/lib/../lib -LE:/Apps/mingw-w64/mingw64/bin/../lib/gcc/x86_64-w64-mingw32/8.1.0/../../../../lib -LE:/Apps/mingw-w64/mingw64/bin/../lib/gcc/x86_64-w64-mingw32/8.1.0/../../../../x86_64-w64-mingw32/lib -LE:/Apps/mingw-w64/mingw64/bin/../lib/gcc/x86_64-w64-mingw32/8.1.0/../../.. --whole-archive CMakeFiles\cmTC_40684.dir/objects.a --no-whole-archive --out-implib libcmTC_40684.dll.a --major-image-version 0 --minor-image-version 0 -lstdc++ -lmingw32 -lgcc_s -lgcc -lmoldname -lmingwex -lmsvcrt -lpthread -ladvapi32 -lshell32 -luser32 -lkernel32 -liconv -lmingw32 -lgcc_s -lgcc -lmoldname -lmingwex -lmsvcrt E:/Apps/mingw-w64/mingw64/bin/../lib/gcc/x86_64-w64-mingw32/8.1.0/crtend.o]
    arg [E:/Apps/mingw-w64/mingw64/bin/../libexec/gcc/x86_64-w64-mingw32/8.1.0/collect2.exe] ==> ignore
    arg [-plugin] ==> ignore
    arg [E:/Apps/mingw-w64/mingw64/bin/../libexec/gcc/x86_64-w64-mingw32/8.1.0/liblto_plugin-0.dll] ==> ignore
    arg [-plugin-opt=E:/Apps/mingw-w64/mingw64/bin/../libexec/gcc/x86_64-w64-mingw32/8.1.0/lto-wrapper.exe] ==> ignore
    arg [-plugin-opt=-fresolution=C:\Users\jvines\AppData\Local\Tmp\cc40tdUD.res] ==> ignore
    arg [-plugin-opt=-pass-through=-lmingw32] ==> ignore
    arg [-plugin-opt=-pass-through=-lgcc_s] ==> ignore
    arg [-plugin-opt=-pass-through=-lgcc] ==> ignore
    arg [-plugin-opt=-pass-through=-lmoldname] ==> ignore
    arg [-plugin-opt=-pass-through=-lmingwex] ==> ignore
    arg [-plugin-opt=-pass-through=-lmsvcrt] ==> ignore
    arg [-plugin-opt=-pass-through=-lpthread] ==> ignore
    arg [-plugin-opt=-pass-through=-ladvapi32] ==> ignore
    arg [-plugin-opt=-pass-through=-lshell32] ==> ignore
    arg [-plugin-opt=-pass-through=-luser32] ==> ignore
    arg [-plugin-opt=-pass-through=-lkernel32] ==> ignore
    arg [-plugin-opt=-pass-through=-liconv] ==> ignore
    arg [-plugin-opt=-pass-through=-lmingw32] ==> ignore
    arg [-plugin-opt=-pass-through=-lgcc_s] ==> ignore
    arg [-plugin-opt=-pass-through=-lgcc] ==> ignore
    arg [-plugin-opt=-pass-through=-lmoldname] ==> ignore
    arg [-plugin-opt=-pass-through=-lmingwex] ==> ignore
    arg [-plugin-opt=-pass-through=-lmsvcrt] ==> ignore
    arg [--sysroot=C:/mingw810/x86_64-810-posix-seh-rt_v6-rev0/mingw64] ==> ignore
    arg [-m] ==> ignore
    arg [i386pep] ==> ignore
    arg [-Bdynamic] ==> ignore
    arg [-o] ==> ignore
    arg [cmTC_40684.exe] ==> ignore
    arg [E:/Apps/mingw-w64/mingw64/bin/../lib/gcc/x86_64-w64-mingw32/8.1.0/../../../../x86_64-w64-mingw32/lib/../lib/crt2.o] ==> ignore
    arg [E:/Apps/mingw-w64/mingw64/bin/../lib/gcc/x86_64-w64-mingw32/8.1.0/crtbegin.o] ==> ignore
    arg [-LE:/Apps/mingw-w64/mingw64/bin/../lib/gcc/x86_64-w64-mingw32/8.1.0] ==> dir [E:/Apps/mingw-w64/mingw64/bin/../lib/gcc/x86_64-w64-mingw32/8.1.0]
    arg [-LE:/Apps/mingw-w64/mingw64/bin/../lib/gcc] ==> dir [E:/Apps/mingw-w64/mingw64/bin/../lib/gcc]
    arg [-LE:/Apps/mingw-w64/mingw64/bin/../lib/gcc/x86_64-w64-mingw32/8.1.0/../../../../x86_64-w64-mingw32/lib/../lib] ==> dir [E:/Apps/mingw-w64/mingw64/bin/../lib/gcc/x86_64-w64-mingw32/8.1.0/../../../../x86_64-w64-mingw32/lib/../lib]
    arg [-LE:/Apps/mingw-w64/mingw64/bin/../lib/gcc/x86_64-w64-mingw32/8.1.0/../../../../lib] ==> dir [E:/Apps/mingw-w64/mingw64/bin/../lib/gcc/x86_64-w64-mingw32/8.1.0/../../../../lib]
    arg [-LE:/Apps/mingw-w64/mingw64/bin/../lib/gcc/x86_64-w64-mingw32/8.1.0/../../../../x86_64-w64-mingw32/lib] ==> dir [E:/Apps/mingw-w64/mingw64/bin/../lib/gcc/x86_64-w64-mingw32/8.1.0/../../../../x86_64-w64-mingw32/lib]
    arg [-LE:/Apps/mingw-w64/mingw64/bin/../lib/gcc/x86_64-w64-mingw32/8.1.0/../../..] ==> dir [E:/Apps/mingw-w64/mingw64/bin/../lib/gcc/x86_64-w64-mingw32/8.1.0/../../..]
    arg [--whole-archive] ==> ignore
    arg [CMakeFiles\cmTC_40684.dir/objects.a] ==> ignore
    arg [--no-whole-archive] ==> ignore
    arg [--out-implib] ==> ignore
    arg [libcmTC_40684.dll.a] ==> ignore
    arg [--major-image-version] ==> ignore
    arg [0] ==> ignore
    arg [--minor-image-version] ==> ignore
    arg [0] ==> ignore
    arg [-lstdc++] ==> lib [stdc++]
    arg [-lmingw32] ==> lib [mingw32]
    arg [-lgcc_s] ==> lib [gcc_s]
    arg [-lgcc] ==> lib [gcc]
    arg [-lmoldname] ==> lib [moldname]
    arg [-lmingwex] ==> lib [mingwex]
    arg [-lmsvcrt] ==> lib [msvcrt]
    arg [-lpthread] ==> lib [pthread]
    arg [-ladvapi32] ==> lib [advapi32]
    arg [-lshell32] ==> lib [shell32]
    arg [-luser32] ==> lib [user32]
    arg [-lkernel32] ==> lib [kernel32]
    arg [-liconv] ==> lib [iconv]
    arg [-lmingw32] ==> lib [mingw32]
    arg [-lgcc_s] ==> lib [gcc_s]
    arg [-lgcc] ==> lib [gcc]
    arg [-lmoldname] ==> lib [moldname]
    arg [-lmingwex] ==> lib [mingwex]
    arg [-lmsvcrt] ==> lib [msvcrt]
    arg [E:/Apps/mingw-w64/mingw64/bin/../lib/gcc/x86_64-w64-mingw32/8.1.0/crtend.o] ==> ignore
  remove lib [msvcrt]
  remove lib [msvcrt]
  collapse library dir [E:/Apps/mingw-w64/mingw64/bin/../lib/gcc/x86_64-w64-mingw32/8.1.0] ==> [E:/Apps/mingw-w64/mingw64/lib/gcc/x86_64-w64-mingw32/8.1.0]
  collapse library dir [E:/Apps/mingw-w64/mingw64/bin/../lib/gcc] ==> [E:/Apps/mingw-w64/mingw64/lib/gcc]
  collapse library dir [E:/Apps/mingw-w64/mingw64/bin/../lib/gcc/x86_64-w64-mingw32/8.1.0/../../../../x86_64-w64-mingw32/lib/../lib] ==> [E:/Apps/mingw-w64/mingw64/x86_64-w64-mingw32/lib]
  collapse library dir [E:/Apps/mingw-w64/mingw64/bin/../lib/gcc/x86_64-w64-mingw32/8.1.0/../../../../lib] ==> [E:/Apps/mingw-w64/mingw64/lib]
  collapse library dir [E:/Apps/mingw-w64/mingw64/bin/../lib/gcc/x86_64-w64-mingw32/8.1.0/../../../../x86_64-w64-mingw32/lib] ==> [E:/Apps/mingw-w64/mingw64/x86_64-w64-mingw32/lib]
  collapse library dir [E:/Apps/mingw-w64/mingw64/bin/../lib/gcc/x86_64-w64-mingw32/8.1.0/../../..] ==> [E:/Apps/mingw-w64/mingw64/lib]
  implicit libs: [stdc++;mingw32;gcc_s;gcc;moldname;mingwex;pthread;advapi32;shell32;user32;kernel32;iconv;mingw32;gcc_s;gcc;moldname;mingwex]
  implicit dirs: [E:/Apps/mingw-w64/mingw64/lib/gcc/x86_64-w64-mingw32/8.1.0;E:/Apps/mingw-w64/mingw64/lib/gcc;E:/Apps/mingw-w64/mingw64/x86_64-w64-mingw32/lib;E:/Apps/mingw-w64/mingw64/lib]
  implicit fwks: []


Determining if the include file sys/types.h exists passed with the following output:
Change Dir: E:/cpp/Lib/MySQL/CMakeFiles/CMakeTmp

Run Build Command(s):E:/Apps/mingw-w64/mingw64/bin/mingw32-make.exe cmTC_b2ac5/fast && E:/Apps/mingw-w64/mingw64/bin/mingw32-make.exe  -f CMakeFiles\cmTC_b2ac5.dir\build.make CMakeFiles/cmTC_b2ac5.dir/build

mingw32-make.exe[1]: Entering directory 'E:/cpp/Lib/MySQL/CMakeFiles/CMakeTmp'

Building C object CMakeFiles/cmTC_b2ac5.dir/CheckIncludeFile.c.obj

E:\Apps\mingw-w64\mingw64\bin\gcc.exe    -o CMakeFiles\cmTC_b2ac5.dir\CheckIncludeFile.c.obj   -c E:\cpp\Lib\MySQL\CMakeFiles\CMakeTmp\CheckIncludeFile.c

Linking C executable cmTC_b2ac5.exe

E:\Apps\CMake\bin\cmake.exe -E cmake_link_script CMakeFiles\cmTC_b2ac5.dir\link.txt --verbose=1

E:\Apps\CMake\bin\cmake.exe -E remove -f CMakeFiles\cmTC_b2ac5.dir/objects.a
E:\Apps\mingw-w64\mingw64\bin\ar.exe cr CMakeFiles\cmTC_b2ac5.dir/objects.a @CMakeFiles\cmTC_b2ac5.dir\objects1.rsp
E:\Apps\mingw-w64\mingw64\bin\gcc.exe      -Wl,--whole-archive CMakeFiles\cmTC_b2ac5.dir/objects.a -Wl,--no-whole-archive  -o cmTC_b2ac5.exe -Wl,--out-implib,libcmTC_b2ac5.dll.a -Wl,--major-image-version,0,--minor-image-version,0 @CMakeFiles\cmTC_b2ac5.dir\linklibs.rsp
mingw32-make.exe[1]: Leaving directory 'E:/cpp/Lib/MySQL/CMakeFiles/CMakeTmp'




Determining if the include file stdint.h exists passed with the following output:
Change Dir: E:/cpp/Lib/MySQL/CMakeFiles/CMakeTmp

Run Build Command(s):E:/Apps/mingw-w64/mingw64/bin/mingw32-make.exe cmTC_5e02f/fast && E:/Apps/mingw-w64/mingw64/bin/mingw32-make.exe  -f CMakeFiles\cmTC_5e02f.dir\build.make CMakeFiles/cmTC_5e02f.dir/build

mingw32-make.exe[1]: Entering directory 'E:/cpp/Lib/MySQL/CMakeFiles/CMakeTmp'

Building C object CMakeFiles/cmTC_5e02f.dir/CheckIncludeFile.c.obj

E:\Apps\mingw-w64\mingw64\bin\gcc.exe    -o CMakeFiles\cmTC_5e02f.dir\CheckIncludeFile.c.obj   -c E:\cpp\Lib\MySQL\CMakeFiles\CMakeTmp\CheckIncludeFile.c

Linking C executable cmTC_5e02f.exe

E:\Apps\CMake\bin\cmake.exe -E cmake_link_script CMakeFiles\cmTC_5e02f.dir\link.txt --verbose=1

E:\Apps\CMake\bin\cmake.exe -E remove -f CMakeFiles\cmTC_5e02f.dir/objects.a
E:\Apps\mingw-w64\mingw64\bin\ar.exe cr CMakeFiles\cmTC_5e02f.dir/objects.a @CMakeFiles\cmTC_5e02f.dir\objects1.rsp
E:\Apps\mingw-w64\mingw64\bin\gcc.exe      -Wl,--whole-archive CMakeFiles\cmTC_5e02f.dir/objects.a -Wl,--no-whole-archive  -o cmTC_5e02f.exe -Wl,--out-implib,libcmTC_5e02f.dll.a -Wl,--major-image-version,0,--minor-image-version,0 @CMakeFiles\cmTC_5e02f.dir\linklibs.rsp
mingw32-make.exe[1]: Leaving directory 'E:/cpp/Lib/MySQL/CMakeFiles/CMakeTmp'




Determining if the include file stddef.h exists passed with the following output:
Change Dir: E:/cpp/Lib/MySQL/CMakeFiles/CMakeTmp

Run Build Command(s):E:/Apps/mingw-w64/mingw64/bin/mingw32-make.exe cmTC_75a41/fast && E:/Apps/mingw-w64/mingw64/bin/mingw32-make.exe  -f CMakeFiles\cmTC_75a41.dir\build.make CMakeFiles/cmTC_75a41.dir/build

mingw32-make.exe[1]: Entering directory 'E:/cpp/Lib/MySQL/CMakeFiles/CMakeTmp'

Building C object CMakeFiles/cmTC_75a41.dir/CheckIncludeFile.c.obj

E:\Apps\mingw-w64\mingw64\bin\gcc.exe    -o CMakeFiles\cmTC_75a41.dir\CheckIncludeFile.c.obj   -c E:\cpp\Lib\MySQL\CMakeFiles\CMakeTmp\CheckIncludeFile.c

Linking C executable cmTC_75a41.exe

E:\Apps\CMake\bin\cmake.exe -E cmake_link_script CMakeFiles\cmTC_75a41.dir\link.txt --verbose=1

E:\Apps\CMake\bin\cmake.exe -E remove -f CMakeFiles\cmTC_75a41.dir/objects.a
E:\Apps\mingw-w64\mingw64\bin\ar.exe cr CMakeFiles\cmTC_75a41.dir/objects.a @CMakeFiles\cmTC_75a41.dir\objects1.rsp
E:\Apps\mingw-w64\mingw64\bin\gcc.exe      -Wl,--whole-archive CMakeFiles\cmTC_75a41.dir/objects.a -Wl,--no-whole-archive  -o cmTC_75a41.exe -Wl,--out-implib,libcmTC_75a41.dll.a -Wl,--major-image-version,0,--minor-image-version,0 @CMakeFiles\cmTC_75a41.dir\linklibs.rsp
mingw32-make.exe[1]: Leaving directory 'E:/cpp/Lib/MySQL/CMakeFiles/CMakeTmp'




Determining size of unsigned short passed with the following output:
Change Dir: E:/cpp/Lib/MySQL/CMakeFiles/CMakeTmp

Run Build Command(s):E:/Apps/mingw-w64/mingw64/bin/mingw32-make.exe cmTC_9b827/fast && E:/Apps/mingw-w64/mingw64/bin/mingw32-make.exe  -f CMakeFiles\cmTC_9b827.dir\build.make CMakeFiles/cmTC_9b827.dir/build

mingw32-make.exe[1]: Entering directory 'E:/cpp/Lib/MySQL/CMakeFiles/CMakeTmp'

Building C object CMakeFiles/cmTC_9b827.dir/CMAKE_SIZEOF_UNSIGNED_SHORT.c.obj

E:\Apps\mingw-w64\mingw64\bin\gcc.exe    -o CMakeFiles\cmTC_9b827.dir\CMAKE_SIZEOF_UNSIGNED_SHORT.c.obj   -c E:\cpp\Lib\MySQL\CMakeFiles\CheckTypeSize\CMAKE_SIZEOF_UNSIGNED_SHORT.c

Linking C executable cmTC_9b827.exe

E:\Apps\CMake\bin\cmake.exe -E cmake_link_script CMakeFiles\cmTC_9b827.dir\link.txt --verbose=1

E:\Apps\CMake\bin\cmake.exe -E remove -f CMakeFiles\cmTC_9b827.dir/objects.a
E:\Apps\mingw-w64\mingw64\bin\ar.exe cr CMakeFiles\cmTC_9b827.dir/objects.a @CMakeFiles\cmTC_9b827.dir\objects1.rsp
E:\Apps\mingw-w64\mingw64\bin\gcc.exe      -Wl,--whole-archive CMakeFiles\cmTC_9b827.dir/objects.a -Wl,--no-whole-archive  -o cmTC_9b827.exe -Wl,--out-implib,libcmTC_9b827.dll.a -Wl,--major-image-version,0,--minor-image-version,0 @CMakeFiles\cmTC_9b827.dir\linklibs.rsp
mingw32-make.exe[1]: Leaving directory 'E:/cpp/Lib/MySQL/CMakeFiles/CMakeTmp'




Determining if the system is big endian passed with the following output:
Change Dir: E:/cpp/Lib/MySQL/CMakeFiles/CMakeTmp

Run Build Command(s):E:/Apps/mingw-w64/mingw64/bin/mingw32-make.exe cmTC_1015f/fast && E:/Apps/mingw-w64/mingw64/bin/mingw32-make.exe  -f CMakeFiles\cmTC_1015f.dir\build.make CMakeFiles/cmTC_1015f.dir/build

mingw32-make.exe[1]: Entering directory 'E:/cpp/Lib/MySQL/CMakeFiles/CMakeTmp'

Building C object CMakeFiles/cmTC_1015f.dir/TestEndianess.c.obj

E:\Apps\mingw-w64\mingw64\bin\gcc.exe    -o CMakeFiles\cmTC_1015f.dir\TestEndianess.c.obj   -c E:\cpp\Lib\MySQL\CMakeFiles\CMakeTmp\TestEndianess.c

Linking C executable cmTC_1015f.exe

E:\Apps\CMake\bin\cmake.exe -E cmake_link_script CMakeFiles\cmTC_1015f.dir\link.txt --verbose=1

E:\Apps\CMake\bin\cmake.exe -E remove -f CMakeFiles\cmTC_1015f.dir/objects.a
E:\Apps\mingw-w64\mingw64\bin\ar.exe cr CMakeFiles\cmTC_1015f.dir/objects.a @CMakeFiles\cmTC_1015f.dir\objects1.rsp
E:\Apps\mingw-w64\mingw64\bin\gcc.exe      -Wl,--whole-archive CMakeFiles\cmTC_1015f.dir/objects.a -Wl,--no-whole-archive  -o cmTC_1015f.exe -Wl,--out-implib,libcmTC_1015f.dll.a -Wl,--major-image-version,0,--minor-image-version,0 @CMakeFiles\cmTC_1015f.dir\linklibs.rsp
mingw32-make.exe[1]: Leaving directory 'E:/cpp/Lib/MySQL/CMakeFiles/CMakeTmp'



TestEndianess.c:
/* A 16 bit integer is required. */
typedef unsigned short cmakeint16;

/* On a little endian machine, these 16bit ints will give "THIS IS LITTLE ENDIAN."
   On a big endian machine the characters will be exchanged pairwise. */
const cmakeint16 info_little[] =  {0x4854, 0x5349, 0x4920, 0x2053, 0x494c, 0x5454, 0x454c, 0x4520, 0x444e, 0x4149, 0x2e4e, 0x0000};

/* on a big endian machine, these 16bit ints will give "THIS IS BIG ENDIAN."
   On a little endian machine the characters will be exchanged pairwise. */
const cmakeint16 info_big[] =     {0x5448, 0x4953, 0x2049, 0x5320, 0x4249, 0x4720, 0x454e, 0x4449, 0x414e, 0x2e2e, 0x0000};

#ifdef __CLASSIC_C__
int main(argc, argv) int argc; char *argv[];
#else
int main(int argc, char *argv[])
#endif
{
  int require = 0;
  require += info_little[argc];
  require += info_big[argc];
  (void)argv;
  return require;
}


Performing C++ SOURCE FILE Test HAVE_STATIC_ASSERT succeeded with the following output:
Change Dir: E:/cpp/Lib/MySQL/CMakeFiles/CMakeTmp

Run Build Command(s):E:/Apps/mingw-w64/mingw64/bin/mingw32-make.exe cmTC_80466/fast && E:/Apps/mingw-w64/mingw64/bin/mingw32-make.exe  -f CMakeFiles\cmTC_80466.dir\build.make CMakeFiles/cmTC_80466.dir/build

mingw32-make.exe[1]: Entering directory 'E:/cpp/Lib/MySQL/CMakeFiles/CMakeTmp'

Building CXX object CMakeFiles/cmTC_80466.dir/src.cxx.obj

E:\Apps\mingw-w64\mingw64\bin\g++.exe    -DHAVE_STATIC_ASSERT  -std=c++11   -o CMakeFiles\cmTC_80466.dir\src.cxx.obj -c E:\cpp\Lib\MySQL\CMakeFiles\CMakeTmp\src.cxx

Linking CXX executable cmTC_80466.exe

E:\Apps\CMake\bin\cmake.exe -E cmake_link_script CMakeFiles\cmTC_80466.dir\link.txt --verbose=1

E:\Apps\CMake\bin\cmake.exe -E remove -f CMakeFiles\cmTC_80466.dir/objects.a
E:\Apps\mingw-w64\mingw64\bin\ar.exe cr CMakeFiles\cmTC_80466.dir/objects.a @CMakeFiles\cmTC_80466.dir\objects1.rsp
E:\Apps\mingw-w64\mingw64\bin\g++.exe  -DHAVE_STATIC_ASSERT  -std=c++11    -Wl,--whole-archive CMakeFiles\cmTC_80466.dir/objects.a -Wl,--no-whole-archive  -o cmTC_80466.exe -Wl,--out-implib,libcmTC_80466.dll.a -Wl,--major-image-version,0,--minor-image-version,0 @CMakeFiles\cmTC_80466.dir\linklibs.rsp
mingw32-make.exe[1]: Leaving directory 'E:/cpp/Lib/MySQL/CMakeFiles/CMakeTmp'



Source file was:
#include <string>
  int main() { static_assert(true,"Ok"); }
Determining size of off64_t passed with the following output:
Change Dir: E:/cpp/Lib/MySQL/CMakeFiles/CMakeTmp

Run Build Command(s):E:/Apps/mingw-w64/mingw64/bin/mingw32-make.exe cmTC_b07eb/fast && E:/Apps/mingw-w64/mingw64/bin/mingw32-make.exe  -f CMakeFiles\cmTC_b07eb.dir\build.make CMakeFiles/cmTC_b07eb.dir/build

mingw32-make.exe[1]: Entering directory 'E:/cpp/Lib/MySQL/CMakeFiles/CMakeTmp'

Building C object CMakeFiles/cmTC_b07eb.dir/OFF64_T.c.obj

E:\Apps\mingw-w64\mingw64\bin\gcc.exe -DHAVE_STDDEF_H -DHAVE_STDINT_H -DHAVE_SYS_TYPES_H -D_LARGEFILE64_SOURCE=1   -o CMakeFiles\cmTC_b07eb.dir\OFF64_T.c.obj   -c E:\cpp\Lib\MySQL\CMakeFiles\CheckTypeSize\OFF64_T.c

Linking C executable cmTC_b07eb.exe

E:\Apps\CMake\bin\cmake.exe -E cmake_link_script CMakeFiles\cmTC_b07eb.dir\link.txt --verbose=1

E:\Apps\CMake\bin\cmake.exe -E remove -f CMakeFiles\cmTC_b07eb.dir/objects.a
E:\Apps\mingw-w64\mingw64\bin\ar.exe cr CMakeFiles\cmTC_b07eb.dir/objects.a @CMakeFiles\cmTC_b07eb.dir\objects1.rsp
E:\Apps\mingw-w64\mingw64\bin\gcc.exe      -Wl,--whole-archive CMakeFiles\cmTC_b07eb.dir/objects.a -Wl,--no-whole-archive  -o cmTC_b07eb.exe -Wl,--out-implib,libcmTC_b07eb.dll.a -Wl,--major-image-version,0,--minor-image-version,0 @CMakeFiles\cmTC_b07eb.dir\linklibs.rsp
mingw32-make.exe[1]: Leaving directory 'E:/cpp/Lib/MySQL/CMakeFiles/CMakeTmp'




Determining if the function fseeko exists passed with the following output:
Change Dir: E:/cpp/Lib/MySQL/CMakeFiles/CMakeTmp

Run Build Command(s):E:/Apps/mingw-w64/mingw64/bin/mingw32-make.exe cmTC_c6fca/fast && E:/Apps/mingw-w64/mingw64/bin/mingw32-make.exe  -f CMakeFiles\cmTC_c6fca.dir\build.make CMakeFiles/cmTC_c6fca.dir/build

mingw32-make.exe[1]: Entering directory 'E:/cpp/Lib/MySQL/CMakeFiles/CMakeTmp'

Building C object CMakeFiles/cmTC_c6fca.dir/CheckFunctionExists.c.obj

E:\Apps\mingw-w64\mingw64\bin\gcc.exe   -DCHECK_FUNCTION_EXISTS=fseeko   -o CMakeFiles\cmTC_c6fca.dir\CheckFunctionExists.c.obj   -c E:\Apps\CMake\share\cmake-3.16\Modules\CheckFunctionExists.c

Linking C executable cmTC_c6fca.exe

E:\Apps\CMake\bin\cmake.exe -E cmake_link_script CMakeFiles\cmTC_c6fca.dir\link.txt --verbose=1

E:\Apps\CMake\bin\cmake.exe -E remove -f CMakeFiles\cmTC_c6fca.dir/objects.a
E:\Apps\mingw-w64\mingw64\bin\ar.exe cr CMakeFiles\cmTC_c6fca.dir/objects.a @CMakeFiles\cmTC_c6fca.dir\objects1.rsp
E:\Apps\mingw-w64\mingw64\bin\gcc.exe  -DCHECK_FUNCTION_EXISTS=fseeko    -Wl,--whole-archive CMakeFiles\cmTC_c6fca.dir/objects.a -Wl,--no-whole-archive  -o cmTC_c6fca.exe -Wl,--out-implib,libcmTC_c6fca.dll.a -Wl,--major-image-version,0,--minor-image-version,0 @CMakeFiles\cmTC_c6fca.dir\linklibs.rsp
mingw32-make.exe[1]: Leaving directory 'E:/cpp/Lib/MySQL/CMakeFiles/CMakeTmp'




Determining if the include file unistd.h exists passed with the following output:
Change Dir: E:/cpp/Lib/MySQL/CMakeFiles/CMakeTmp

Run Build Command(s):E:/Apps/mingw-w64/mingw64/bin/mingw32-make.exe cmTC_74d1d/fast && E:/Apps/mingw-w64/mingw64/bin/mingw32-make.exe  -f CMakeFiles\cmTC_74d1d.dir\build.make CMakeFiles/cmTC_74d1d.dir/build

mingw32-make.exe[1]: Entering directory 'E:/cpp/Lib/MySQL/CMakeFiles/CMakeTmp'

Building C object CMakeFiles/cmTC_74d1d.dir/CheckIncludeFile.c.obj

E:\Apps\mingw-w64\mingw64\bin\gcc.exe    -o CMakeFiles\cmTC_74d1d.dir\CheckIncludeFile.c.obj   -c E:\cpp\Lib\MySQL\CMakeFiles\CMakeTmp\CheckIncludeFile.c

Linking C executable cmTC_74d1d.exe

E:\Apps\CMake\bin\cmake.exe -E cmake_link_script CMakeFiles\cmTC_74d1d.dir\link.txt --verbose=1

E:\Apps\CMake\bin\cmake.exe -E remove -f CMakeFiles\cmTC_74d1d.dir/objects.a
E:\Apps\mingw-w64\mingw64\bin\ar.exe cr CMakeFiles\cmTC_74d1d.dir/objects.a @CMakeFiles\cmTC_74d1d.dir\objects1.rsp
E:\Apps\mingw-w64\mingw64\bin\gcc.exe      -Wl,--whole-archive CMakeFiles\cmTC_74d1d.dir/objects.a -Wl,--no-whole-archive  -o cmTC_74d1d.exe -Wl,--out-implib,libcmTC_74d1d.dll.a -Wl,--major-image-version,0,--minor-image-version,0 @CMakeFiles\cmTC_74d1d.dir\linklibs.rsp
mingw32-make.exe[1]: Leaving directory 'E:/cpp/Lib/MySQL/CMakeFiles/CMakeTmp'




Performing C++ SOURCE FILE Test HAVE_SHARED_PTR succeeded with the following output:
Change Dir: E:/cpp/Lib/MySQL/CMakeFiles/CMakeTmp

Run Build Command(s):E:/Apps/mingw-w64/mingw64/bin/mingw32-make.exe cmTC_7d5e5/fast && E:/Apps/mingw-w64/mingw64/bin/mingw32-make.exe  -f CMakeFiles\cmTC_7d5e5.dir\build.make CMakeFiles/cmTC_7d5e5.dir/build

mingw32-make.exe[1]: Entering directory 'E:/cpp/Lib/MySQL/CMakeFiles/CMakeTmp'

Building CXX object CMakeFiles/cmTC_7d5e5.dir/src.cxx.obj

E:\Apps\mingw-w64\mingw64\bin\g++.exe    -DHAVE_SHARED_PTR  -std=c++11   -o CMakeFiles\cmTC_7d5e5.dir\src.cxx.obj -c E:\cpp\Lib\MySQL\CMakeFiles\CMakeTmp\src.cxx

Linking CXX executable cmTC_7d5e5.exe

E:\Apps\CMake\bin\cmake.exe -E cmake_link_script CMakeFiles\cmTC_7d5e5.dir\link.txt --verbose=1

E:\Apps\CMake\bin\cmake.exe -E remove -f CMakeFiles\cmTC_7d5e5.dir/objects.a
E:\Apps\mingw-w64\mingw64\bin\ar.exe cr CMakeFiles\cmTC_7d5e5.dir/objects.a @CMakeFiles\cmTC_7d5e5.dir\objects1.rsp
E:\Apps\mingw-w64\mingw64\bin\g++.exe  -DHAVE_SHARED_PTR  -std=c++11    -Wl,--whole-archive CMakeFiles\cmTC_7d5e5.dir/objects.a -Wl,--no-whole-archive  -o cmTC_7d5e5.exe -Wl,--out-implib,libcmTC_7d5e5.dll.a -Wl,--major-image-version,0,--minor-image-version,0 @CMakeFiles\cmTC_7d5e5.dir\linklibs.rsp
mingw32-make.exe[1]: Leaving directory 'E:/cpp/Lib/MySQL/CMakeFiles/CMakeTmp'



Source file was:
#include <memory>
   void test(std::shared_ptr<int>) {};
   int main() { return 0; }
Performing C++ SOURCE FILE Test HAVE_SYSTEM_ERROR succeeded with the following output:
Change Dir: E:/cpp/Lib/MySQL/CMakeFiles/CMakeTmp

Run Build Command(s):E:/Apps/mingw-w64/mingw64/bin/mingw32-make.exe cmTC_7511f/fast && E:/Apps/mingw-w64/mingw64/bin/mingw32-make.exe  -f CMakeFiles\cmTC_7511f.dir\build.make CMakeFiles/cmTC_7511f.dir/build

mingw32-make.exe[1]: Entering directory 'E:/cpp/Lib/MySQL/CMakeFiles/CMakeTmp'

Building CXX object CMakeFiles/cmTC_7511f.dir/src.cxx.obj

E:\Apps\mingw-w64\mingw64\bin\g++.exe    -DHAVE_SYSTEM_ERROR  -std=c++11   -o CMakeFiles\cmTC_7511f.dir\src.cxx.obj -c E:\cpp\Lib\MySQL\CMakeFiles\CMakeTmp\src.cxx

Linking CXX executable cmTC_7511f.exe

E:\Apps\CMake\bin\cmake.exe -E cmake_link_script CMakeFiles\cmTC_7511f.dir\link.txt --verbose=1

E:\Apps\CMake\bin\cmake.exe -E remove -f CMakeFiles\cmTC_7511f.dir/objects.a
E:\Apps\mingw-w64\mingw64\bin\ar.exe cr CMakeFiles\cmTC_7511f.dir/objects.a @CMakeFiles\cmTC_7511f.dir\objects1.rsp
E:\Apps\mingw-w64\mingw64\bin\g++.exe  -DHAVE_SYSTEM_ERROR  -std=c++11    -Wl,--whole-archive CMakeFiles\cmTC_7511f.dir/objects.a -Wl,--no-whole-archive  -o cmTC_7511f.exe -Wl,--out-implib,libcmTC_7511f.dll.a -Wl,--major-image-version,0,--minor-image-version,0 @CMakeFiles\cmTC_7511f.dir\linklibs.rsp
mingw32-make.exe[1]: Leaving directory 'E:/cpp/Lib/MySQL/CMakeFiles/CMakeTmp'



Source file was:
#include <system_error>
   void test(std::system_error) {};
   int main() { return 0; }
Determining size of wchar_t passed with the following output:
Change Dir: E:/cpp/Lib/MySQL/CMakeFiles/CMakeTmp

Run Build Command(s):E:/Apps/mingw-w64/mingw64/bin/mingw32-make.exe cmTC_1c19f/fast && E:/Apps/mingw-w64/mingw64/bin/mingw32-make.exe  -f CMakeFiles\cmTC_1c19f.dir\build.make CMakeFiles/cmTC_1c19f.dir/build

mingw32-make.exe[1]: Entering directory 'E:/cpp/Lib/MySQL/CMakeFiles/CMakeTmp'

Building C object CMakeFiles/cmTC_1c19f.dir/WCHAR_SIZE.c.obj

E:\Apps\mingw-w64\mingw64\bin\gcc.exe   -std=c++11   -o CMakeFiles\cmTC_1c19f.dir\WCHAR_SIZE.c.obj   -c E:\cpp\Lib\MySQL\CMakeFiles\CheckTypeSize\WCHAR_SIZE.c

cc1.exe: warning: command line option '-std=c++11' is valid for C++/ObjC++ but not for C
Linking C executable cmTC_1c19f.exe

E:\Apps\CMake\bin\cmake.exe -E cmake_link_script CMakeFiles\cmTC_1c19f.dir\link.txt --verbose=1

E:\Apps\CMake\bin\cmake.exe -E remove -f CMakeFiles\cmTC_1c19f.dir/objects.a
E:\Apps\mingw-w64\mingw64\bin\ar.exe cr CMakeFiles\cmTC_1c19f.dir/objects.a @CMakeFiles\cmTC_1c19f.dir\objects1.rsp
E:\Apps\mingw-w64\mingw64\bin\gcc.exe   -std=c++11    -Wl,--whole-archive CMakeFiles\cmTC_1c19f.dir/objects.a -Wl,--no-whole-archive  -o cmTC_1c19f.exe -Wl,--out-implib,libcmTC_1c19f.dll.a -Wl,--major-image-version,0,--minor-image-version,0 @CMakeFiles\cmTC_1c19f.dir\linklibs.rsp
mingw32-make.exe[1]: Leaving directory 'E:/cpp/Lib/MySQL/CMakeFiles/CMakeTmp'
